<?xml version="1.0" encoding="UTF-8"?>
<coverage generated="1787097508444" clover="3.2.0">
  <project timestamp="1787097508444" name="All files">
    <metrics statements="533" coveredstatements="463" conditionals="93" coveredconditionals="67" methods="31" coveredmethods="22" elements="657" coveredelements="552" complexity="0" loc="533" ncloc="533" packages="4" files="8" classes="8"/>
    <package name="frontend">
      <metrics statements="17" coveredstatements="0" conditionals="2" coveredconditionals="0" methods="2" coveredmethods="0"/>
      <file name="postcss.config.js" path="/home/alison/workspace/flip7-score4all/frontend/postcss.config.js">
        <metrics statements="6" coveredstatements="0" conditionals="1" coveredconditionals="0" methods="1" coveredmethods="0"/>
        <line num="1" count="0" type="cond" truecount="0" falsecount="1"/>
        <line num="2" count="0" type="stmt"/>
        <line num="3" count="0" type="stmt"/>
        <line num="4" count="0" type="stmt"/>
        <line num="5" count="0" type="stmt"/>
        <line num="6" count="0" type="stmt"/>
      </file>
      <file name="tailwind.config.js" path="/home/alison/workspace/flip7-score4all/frontend/tailwind.config.js">
        <metrics statements="11" coveredstatements="0" conditionals="1" coveredconditionals="0" methods="1" coveredmethods="0"/>
        <line num="1" count="0" type="cond" truecount="0" falsecount="1"/>
        <line num="2" count="0" type="stmt"/>
        <line num="3" count="0" type="stmt"/>
        <line num="4" count="0" type="stmt"/>
        <line num="5" count="0" type="stmt"/>
        <line num="6" count="0" type="stmt"/>
        <line num="7" count="0" type="stmt"/>
        <line num="8" count="0" type="stmt"/>
        <line num="9" count="0" type="stmt"/>
        <line num="10" count="0" type="stmt"/>
        <line num="11" count="0" type="stmt"/>
      </file>
    </package>
    <package name="frontend.src">
      <metrics statements="28" coveredstatements="18" conditionals="2" coveredconditionals="1" methods="2" coveredmethods="1"/>
      <file name="App.tsx" path="/home/alison/workspace/flip7-score4all/frontend/src/App.tsx">
        <metrics statements="18" coveredstatements="18" conditionals="1" coveredconditionals="1" methods="1" coveredmethods="1"/>
        <line num="1" count="1" type="stmt"/>
        <line num="2" count="1" type="stmt"/>
        <line num="3" count="1" type="stmt"/>
        <line num="4" count="1" type="stmt"/>
        <line num="5" count="1" type="stmt"/>
        <line num="6" count="1" type="cond" truecount="1" falsecount="0"/>
        <line num="7" count="1" type="stmt"/>
        <line num="8" count="1" type="stmt"/>
        <line num="9" count="1" type="stmt"/>
        <line num="10" count="1" type="stmt"/>
        <line num="11" count="1" type="stmt"/>
        <line num="12" count="1" type="stmt"/>
        <line num="13" count="1" type="stmt"/>
        <line num="14" count="1" type="stmt"/>
        <line num="15" count="1" type="stmt"/>
        <line num="16" count="1" type="stmt"/>
        <line num="17" count="1" type="stmt"/>
        <line num="18" count="1" type="stmt"/>
      </file>
      <file name="main.tsx" path="/home/alison/workspace/flip7-score4all/frontend/src/main.tsx">
        <metrics statements="10" coveredstatements="0" conditionals="1" coveredconditionals="0" methods="1" coveredmethods="0"/>
        <line num="1" count="0" type="cond" truecount="0" falsecount="1"/>
        <line num="2" count="0" type="stmt"/>
        <line num="3" count="0" type="stmt"/>
        <line num="4" count="0" type="stmt"/>
        <line num="5" count="0" type="stmt"/>
        <line num="6" count="0" type="stmt"/>
        <line num="7" count="0" type="stmt"/>
        <line num="8" count="0" type="stmt"/>
        <line num="9" count="0" type="stmt"/>
        <line num="10" count="0" type="stmt"/>
      </file>
    </package>
    <package name="frontend.src.components">
      <metrics statements="145" coveredstatements="140" conditionals="40" coveredconditionals="34" methods="8" coveredmethods="8"/>
      <file name="ScoreKeypad.tsx" path="/home/alison/workspace/flip7-score4all/frontend/src/components/ScoreKeypad.tsx">
        <metrics statements="145" coveredstatements="140" conditionals="40" coveredconditionals="34" methods="8" coveredmethods="8"/>
        <line num="1" count="1" type="stmt"/>
        <line num="2" count="1" type="stmt"/>
        <line num="3" count="1" type="stmt"/>
        <line num="4" count="1" type="stmt"/>
        <line num="5" count="1" type="stmt"/>
        <line num="6" count="1" type="stmt"/>
        <line num="7" count="1" type="stmt"/>
        <line num="8" count="1" type="stmt"/>
        <line num="9" count="1" type="stmt"/>
        <line num="10" count="1" type="stmt"/>
        <line num="11" count="1" type="stmt"/>
        <line num="12" count="1" type="stmt"/>
        <line num="13" count="1" type="stmt"/>
        <line num="14" count="1" type="stmt"/>
        <line num="15" count="1" type="stmt"/>
        <line num="16" count="13" type="cond" truecount="1" falsecount="0"/>
        <line num="17" count="13" type="stmt"/>
        <line num="18" count="13" type="stmt"/>
        <line num="19" count="13" type="stmt"/>
        <line num="20" count="13" type="stmt"/>
        <line num="21" count="13" type="cond" truecount="1" falsecount="0"/>
        <line num="22" count="4" type="stmt"/>
        <line num="23" count="4" type="cond" truecount="0" falsecount="1"/>
        <line num="24" count="0" type="stmt"/>
        <line num="25" count="4" type="stmt"/>
        <line num="26" count="4" type="cond" truecount="0" falsecount="1"/>
        <line num="27" count="4" type="stmt"/>
        <line num="28" count="4" type="stmt"/>
        <line num="29" count="4" type="stmt"/>
        <line num="30" count="4" type="stmt"/>
        <line num="31" count="13" type="stmt"/>
        <line num="32" count="13" type="cond" truecount="1" falsecount="0"/>
        <line num="33" count="2" type="stmt"/>
        <line num="34" count="2" type="cond" truecount="0" falsecount="1"/>
        <line num="35" count="0" type="stmt"/>
        <line num="36" count="2" type="stmt"/>
        <line num="37" count="2" type="stmt"/>
        <line num="38" count="2" type="stmt"/>
        <line num="39" count="2" type="stmt"/>
        <line num="40" count="2" type="stmt"/>
        <line num="41" count="13" type="stmt"/>
        <line num="42" count="13" type="cond" truecount="1" falsecount="0"/>
        <line num="43" count="1" type="stmt"/>
        <line num="44" count="1" type="stmt"/>
        <line num="45" count="13" type="stmt"/>
        <line num="46" count="13" type="stmt"/>
        <line num="47" count="13" type="cond" truecount="1" falsecount="0"/>
        <line num="48" count="13" type="cond" truecount="3" falsecount="0"/>
        <line num="49" count="6" type="stmt"/>
        <line num="50" count="6" type="cond" truecount="1" falsecount="0"/>
        <line num="51" count="7" type="stmt"/>
        <line num="52" count="7" type="stmt"/>
        <line num="53" count="7" type="cond" truecount="1" falsecount="0"/>
        <line num="54" count="7" type="cond" truecount="1" falsecount="0"/>
        <line num="55" count="13" type="cond" truecount="2" falsecount="0"/>
        <line num="56" count="13" type="stmt"/>
        <line num="57" count="13" type="cond" truecount="1" falsecount="0"/>
        <line num="58" count="6" type="stmt"/>
        <line num="59" count="6" type="cond" truecount="1" falsecount="0"/>
        <line num="60" count="1" type="stmt"/>
        <line num="61" count="6" type="cond" truecount="1" falsecount="0"/>
        <line num="62" count="5" type="stmt"/>
        <line num="63" count="5" type="stmt"/>
        <line num="64" count="6" type="cond" truecount="1" falsecount="0"/>
        <line num="65" count="7" type="stmt"/>
        <line num="66" count="7" type="stmt"/>
        <line num="67" count="7" type="cond" truecount="1" falsecount="0"/>
        <line num="68" count="13" type="cond" truecount="1" falsecount="0"/>
        <line num="69" count="2" type="cond" truecount="1" falsecount="0"/>
        <line num="70" count="2" type="stmt"/>
        <line num="71" count="2" type="cond" truecount="1" falsecount="0"/>
        <line num="72" count="7" type="stmt"/>
        <line num="73" count="7" type="stmt"/>
        <line num="74" count="13" type="cond" truecount="0" falsecount="1"/>
        <line num="75" count="0" type="stmt"/>
        <line num="76" count="0" type="stmt"/>
        <line num="77" count="0" type="cond" truecount="1" falsecount="0"/>
        <line num="78" count="7" type="stmt"/>
        <line num="79" count="7" type="stmt"/>
        <line num="80" count="13" type="cond" truecount="0" falsecount="1"/>
        <line num="81" count="13" type="stmt"/>
        <line num="82" count="13" type="stmt"/>
        <line num="83" count="13" type="stmt"/>
        <line num="84" count="13" type="stmt"/>
        <line num="85" count="13" type="stmt"/>
        <line num="86" count="13" type="stmt"/>
        <line num="87" count="13" type="stmt"/>
        <line num="88" count="13" type="stmt"/>
        <line num="89" count="13" type="stmt"/>
        <line num="90" count="13" type="stmt"/>
        <line num="91" count="13" type="stmt"/>
        <line num="92" count="13" type="stmt"/>
        <line num="93" count="13" type="stmt"/>
        <line num="94" count="13" type="stmt"/>
        <line num="95" count="13" type="stmt"/>
        <line num="96" count="13" type="stmt"/>
        <line num="97" count="13" type="stmt"/>
        <line num="98" count="13" type="stmt"/>
        <line num="99" count="13" type="cond" truecount="1" falsecount="0"/>
        <line num="100" count="169" type="stmt"/>
        <line num="101" count="169" type="cond" truecount="1" falsecount="0"/>
        <line num="102" count="169" type="stmt"/>
        <line num="103" count="169" type="stmt"/>
        <line num="104" count="169" type="stmt"/>
        <line num="105" count="169" type="cond" truecount="2" falsecount="1"/>
        <line num="106" count="169" type="cond" truecount="1" falsecount="0"/>
        <line num="107" count="169" type="stmt"/>
        <line num="108" count="169" type="stmt"/>
        <line num="109" count="169" type="stmt"/>
        <line num="110" count="169" type="stmt"/>
        <line num="111" count="13" type="stmt"/>
        <line num="112" count="13" type="stmt"/>
        <line num="113" count="13" type="stmt"/>
        <line num="114" count="13" type="stmt"/>
        <line num="115" count="13" type="stmt"/>
        <line num="116" count="13" type="stmt"/>
        <line num="117" count="13" type="cond" truecount="2" falsecount="0"/>
        <line num="118" count="13" type="stmt"/>
        <line num="119" count="13" type="stmt"/>
        <line num="120" count="13" type="stmt"/>
        <line num="121" count="13" type="stmt"/>
        <line num="122" count="13" type="cond" truecount="1" falsecount="0"/>
        <line num="123" count="65" type="stmt"/>
        <line num="124" count="65" type="stmt"/>
        <line num="125" count="65" type="cond" truecount="2" falsecount="0"/>
        <line num="126" count="65" type="cond" truecount="1" falsecount="0"/>
        <line num="127" count="65" type="stmt"/>
        <line num="128" count="65" type="stmt"/>
        <line num="129" count="65" type="stmt"/>
        <line num="130" count="13" type="stmt"/>
        <line num="131" count="13" type="stmt"/>
        <line num="132" count="13" type="stmt"/>
        <line num="133" count="13" type="stmt"/>
        <line num="134" count="13" type="stmt"/>
        <line num="135" count="13" type="stmt"/>
        <line num="136" count="13" type="stmt"/>
        <line num="137" count="13" type="cond" truecount="1" falsecount="0"/>
        <line num="138" count="13" type="stmt"/>
        <line num="139" count="13" type="stmt"/>
        <line num="140" count="13" type="stmt"/>
        <line num="141" count="13" type="stmt"/>
        <line num="142" count="13" type="stmt"/>
        <line num="143" count="13" type="stmt"/>
        <line num="144" count="13" type="stmt"/>
        <line num="145" count="13" type="stmt"/>
      </file>
    </package>
    <package name="frontend.src.pages">
      <metrics statements="343" coveredstatements="305" conditionals="49" coveredconditionals="32" methods="19" coveredmethods="13"/>
      <file name="Home.tsx" path="/home/alison/workspace/flip7-score4all/frontend/src/pages/Home.tsx">
        <metrics statements="69" coveredstatements="68" conditionals="8" coveredconditionals="6" methods="4" coveredmethods="4"/>
        <line num="1" count="1" type="stmt"/>
        <line num="2" count="1" type="stmt"/>
        <line num="3" count="1" type="stmt"/>
        <line num="4" count="7" type="cond" truecount="1" falsecount="0"/>
        <line num="5" count="7" type="stmt"/>
        <line num="6" count="7" type="stmt"/>
        <line num="7" count="7" type="stmt"/>
        <line num="8" count="7" type="stmt"/>
        <line num="9" count="7" type="cond" truecount="1" falsecount="0"/>
        <line num="10" count="1" type="stmt"/>
        <line num="11" count="1" type="stmt"/>
        <line num="12" count="1" type="stmt"/>
        <line num="13" count="1" type="stmt"/>
        <line num="14" count="1" type="stmt"/>
        <line num="15" count="1" type="cond" truecount="0" falsecount="1"/>
        <line num="16" count="0" type="stmt"/>
        <line num="17" count="1" type="stmt"/>
        <line num="18" count="1" type="stmt"/>
        <line num="19" count="1" type="stmt"/>
        <line num="20" count="1" type="stmt"/>
        <line num="21" count="7" type="stmt"/>
        <line num="22" count="7" type="cond" truecount="1" falsecount="0"/>
        <line num="23" count="1" type="stmt"/>
        <line num="24" count="1" type="cond" truecount="0" falsecount="1"/>
        <line num="25" count="1" type="stmt"/>
        <line num="26" count="1" type="stmt"/>
        <line num="27" count="7" type="stmt"/>
        <line num="28" count="7" type="stmt"/>
        <line num="29" count="7" type="stmt"/>
        <line num="30" count="7" type="stmt"/>
        <line num="31" count="7" type="stmt"/>
        <line num="32" count="7" type="stmt"/>
        <line num="33" count="7" type="stmt"/>
        <line num="34" count="7" type="stmt"/>
        <line num="35" count="7" type="stmt"/>
        <line num="36" count="7" type="stmt"/>
        <line num="37" count="7" type="stmt"/>
        <line num="38" count="7" type="stmt"/>
        <line num="39" count="7" type="stmt"/>
        <line num="40" count="7" type="stmt"/>
        <line num="41" count="7" type="stmt"/>
        <line num="42" count="7" type="stmt"/>
        <line num="43" count="7" type="stmt"/>
        <line num="44" count="7" type="stmt"/>
        <line num="45" count="7" type="cond" truecount="2" falsecount="0"/>
        <line num="46" count="7" type="stmt"/>
        <line num="47" count="7" type="stmt"/>
        <line num="48" count="7" type="stmt"/>
        <line num="49" count="7" type="stmt"/>
        <line num="50" count="7" type="stmt"/>
        <line num="51" count="7" type="stmt"/>
        <line num="52" count="7" type="stmt"/>
        <line num="53" count="7" type="stmt"/>
        <line num="54" count="7" type="stmt"/>
        <line num="55" count="7" type="stmt"/>
        <line num="56" count="7" type="stmt"/>
        <line num="57" count="7" type="stmt"/>
        <line num="58" count="7" type="stmt"/>
        <line num="59" count="7" type="cond" truecount="1" falsecount="0"/>
        <line num="60" count="7" type="stmt"/>
        <line num="61" count="7" type="stmt"/>
        <line num="62" count="7" type="stmt"/>
        <line num="63" count="7" type="stmt"/>
        <line num="64" count="7" type="stmt"/>
        <line num="65" count="7" type="stmt"/>
        <line num="66" count="7" type="stmt"/>
        <line num="67" count="7" type="stmt"/>
        <line num="68" count="7" type="stmt"/>
        <line num="69" count="7" type="stmt"/>
      </file>
      <file name="RoomController.tsx" path="/home/alison/workspace/flip7-score4all/frontend/src/pages/RoomController.tsx">
        <metrics statements="153" coveredstatements="121" conditionals="19" coveredconditionals="11" methods="11" coveredmethods="5"/>
        <line num="1" count="1" type="stmt"/>
        <line num="2" count="1" type="stmt"/>
        <line num="3" count="1" type="stmt"/>
        <line num="4" count="1" type="stmt"/>
        <line num="5" count="1" type="stmt"/>
        <line num="6" count="5" type="cond" truecount="1" falsecount="0"/>
        <line num="7" count="5" type="stmt"/>
        <line num="8" count="5" type="stmt"/>
        <line num="9" count="5" type="stmt"/>
        <line num="10" count="5" type="stmt"/>
        <line num="11" count="5" type="stmt"/>
        <line num="12" count="5" type="stmt"/>
        <line num="13" count="5" type="cond" truecount="1" falsecount="0"/>
        <line num="14" count="1" type="cond" truecount="1" falsecount="0"/>
        <line num="15" count="1" type="stmt"/>
        <line num="16" count="1" type="stmt"/>
        <line num="17" count="1" type="stmt"/>
        <line num="18" count="1" type="stmt"/>
        <line num="19" count="1" type="stmt"/>
        <line num="20" count="1" type="stmt"/>
        <line num="21" count="1" type="cond" truecount="0" falsecount="1"/>
        <line num="22" count="0" type="stmt"/>
        <line num="23" count="0" type="stmt"/>
        <line num="24" count="1" type="stmt"/>
        <line num="25" count="1" type="stmt"/>
        <line num="26" count="1" type="stmt"/>
        <line num="27" count="1" type="cond" truecount="1" falsecount="0"/>
        <line num="28" count="5" type="stmt"/>
        <line num="29" count="5" type="stmt"/>
        <line num="30" count="5" type="cond" truecount="1" falsecount="0"/>
        <line num="31" count="1" type="cond" truecount="0" falsecount="1"/>
        <line num="32" count="1" type="stmt"/>
        <line num="33" count="1" type="stmt"/>
        <line num="34" count="1" type="stmt"/>
        <line num="35" count="1" type="stmt"/>
        <line num="36" count="1" type="stmt"/>
        <line num="37" count="1" type="stmt"/>
        <line num="38" count="1" type="stmt"/>
        <line num="39" count="1" type="cond" truecount="0" falsecount="1"/>
        <line num="40" count="0" type="stmt"/>
        <line num="41" count="0" type="stmt"/>
        <line num="42" count="1" type="stmt"/>
        <line num="43" count="5" type="stmt"/>
        <line num="44" count="5" type="cond" truecount="1" falsecount="0"/>
        <line num="45" count="1" type="stmt"/>
        <line num="46" count="1" type="cond" truecount="0" falsecount="1"/>
        <line num="47" count="1" type="stmt"/>
        <line num="48" count="1" type="stmt"/>
        <line num="49" count="1" type="stmt"/>
        <line num="50" count="1" type="stmt"/>
        <line num="51" count="1" type="stmt"/>
        <line num="52" count="1" type="stmt"/>
        <line num="53" count="1" type="stmt"/>
        <line num="54" count="1" type="stmt"/>
        <line num="55" count="1" type="cond" truecount="0" falsecount="1"/>
        <line num="56" count="1" type="stmt"/>
        <line num="57" count="1" type="stmt"/>
        <line num="58" count="1" type="stmt"/>
        <line num="59" count="5" type="stmt"/>
        <line num="60" count="5" type="stmt"/>
        <line num="61" count="0" type="stmt"/>
        <line num="62" count="0" type="stmt"/>
        <line num="63" count="0" type="stmt"/>
        <line num="64" count="0" type="stmt"/>
        <line num="65" count="0" type="stmt"/>
        <line num="66" count="0" type="stmt"/>
        <line num="67" count="5" type="stmt"/>
        <line num="68" count="5" type="stmt"/>
        <line num="69" count="0" type="stmt"/>
        <line num="70" count="0" type="stmt"/>
        <line num="71" count="0" type="stmt"/>
        <line num="72" count="0" type="stmt"/>
        <line num="73" count="0" type="stmt"/>
        <line num="74" count="0" type="stmt"/>
        <line num="75" count="5" type="stmt"/>
        <line num="76" count="5" type="stmt"/>
        <line num="77" count="0" type="stmt"/>
        <line num="78" count="0" type="stmt"/>
        <line num="79" count="0" type="stmt"/>
        <line num="80" count="0" type="stmt"/>
        <line num="81" count="0" type="stmt"/>
        <line num="82" count="0" type="stmt"/>
        <line num="83" count="0" type="stmt"/>
        <line num="84" count="0" type="stmt"/>
        <line num="85" count="0" type="stmt"/>
        <line num="86" count="0" type="stmt"/>
        <line num="87" count="0" type="stmt"/>
        <line num="88" count="5" type="stmt"/>
        <line num="89" count="5" type="cond" truecount="2" falsecount="0"/>
        <line num="90" count="4" type="stmt"/>
        <line num="91" count="4" type="stmt"/>
        <line num="92" count="4" type="stmt"/>
        <line num="93" count="4" type="stmt"/>
        <line num="94" count="4" type="stmt"/>
        <line num="95" count="4" type="stmt"/>
        <line num="96" count="4" type="stmt"/>
        <line num="97" count="4" type="stmt"/>
        <line num="98" count="4" type="stmt"/>
        <line num="99" count="4" type="stmt"/>
        <line num="100" count="4" type="stmt"/>
        <line num="101" count="4" type="stmt"/>
        <line num="102" count="4" type="stmt"/>
        <line num="103" count="4" type="stmt"/>
        <line num="104" count="4" type="stmt"/>
        <line num="105" count="4" type="stmt"/>
        <line num="106" count="4" type="stmt"/>
        <line num="107" count="4" type="stmt"/>
        <line num="108" count="4" type="stmt"/>
        <line num="109" count="4" type="stmt"/>
        <line num="110" count="4" type="stmt"/>
        <line num="111" count="4" type="cond" truecount="1" falsecount="0"/>
        <line num="112" count="4" type="stmt"/>
        <line num="113" count="4" type="stmt"/>
        <line num="114" count="4" type="stmt"/>
        <line num="115" count="4" type="stmt"/>
        <line num="116" count="4" type="stmt"/>
        <line num="117" count="4" type="stmt"/>
        <line num="118" count="4" type="cond" truecount="1" falsecount="0"/>
        <line num="119" count="3" type="stmt"/>
        <line num="120" count="5" type="stmt"/>
        <line num="121" count="5" type="cond" truecount="1" falsecount="0"/>
        <line num="122" count="1" type="stmt"/>
        <line num="123" count="1" type="cond" truecount="0" falsecount="1"/>
        <line num="124" count="1" type="stmt"/>
        <line num="125" count="1" type="cond" truecount="0" falsecount="1"/>
        <line num="126" count="1" type="stmt"/>
        <line num="127" count="1" type="stmt"/>
        <line num="128" count="1" type="stmt"/>
        <line num="129" count="1" type="stmt"/>
        <line num="130" count="1" type="stmt"/>
        <line num="131" count="1" type="stmt"/>
        <line num="132" count="1" type="stmt"/>
        <line num="133" count="1" type="stmt"/>
        <line num="134" count="1" type="stmt"/>
        <line num="135" count="1" type="stmt"/>
        <line num="136" count="1" type="stmt"/>
        <line num="137" count="1" type="stmt"/>
        <line num="138" count="1" type="stmt"/>
        <line num="139" count="1" type="stmt"/>
        <line num="140" count="5" type="stmt"/>
        <line num="141" count="5" type="stmt"/>
        <line num="142" count="5" type="stmt"/>
        <line num="143" count="5" type="stmt"/>
        <line num="144" count="5" type="cond" truecount="0" falsecount="1"/>
        <line num="145" count="0" type="stmt"/>
        <line num="146" count="0" type="stmt"/>
        <line num="147" count="0" type="stmt"/>
        <line num="148" count="0" type="stmt"/>
        <line num="149" count="0" type="stmt"/>
        <line num="150" count="5" type="stmt"/>
        <line num="151" count="5" type="stmt"/>
        <line num="152" count="5" type="stmt"/>
        <line num="153" count="5" type="stmt"/>
      </file>
      <file name="RoomViewer.tsx" path="/home/alison/workspace/flip7-score4all/frontend/src/pages/RoomViewer.tsx">
        <metrics statements="121" coveredstatements="116" conditionals="22" coveredconditionals="15" methods="4" coveredmethods="4"/>
        <line num="1" count="1" type="stmt"/>
        <line num="2" count="1" type="stmt"/>
        <line num="3" count="1" type="stmt"/>
        <line num="4" count="1" type="stmt"/>
        <line num="5" count="5" type="cond" truecount="1" falsecount="0"/>
        <line num="6" count="5" type="stmt"/>
        <line num="7" count="5" type="stmt"/>
        <line num="8" count="5" type="stmt"/>
        <line num="9" count="5" type="stmt"/>
        <line num="10" count="5" type="stmt"/>
        <line num="11" count="5" type="stmt"/>
        <line num="12" count="5" type="stmt"/>
        <line num="13" count="5" type="cond" truecount="1" falsecount="0"/>
        <line num="14" count="2" type="cond" truecount="1" falsecount="0"/>
        <line num="15" count="1" type="stmt"/>
        <line num="16" count="1" type="cond" truecount="1" falsecount="0"/>
        <line num="17" count="1" type="stmt"/>
        <line num="18" count="1" type="stmt"/>
        <line num="19" count="1" type="stmt"/>
        <line num="20" count="1" type="stmt"/>
        <line num="21" count="1" type="stmt"/>
        <line num="22" count="1" type="stmt"/>
        <line num="23" count="1" type="cond" truecount="0" falsecount="1"/>
        <line num="24" count="0" type="stmt"/>
        <line num="25" count="0" type="stmt"/>
        <line num="26" count="1" type="stmt"/>
        <line num="27" count="1" type="stmt"/>
        <line num="28" count="1" type="stmt"/>
        <line num="29" count="1" type="stmt"/>
        <line num="30" count="1" type="cond" truecount="1" falsecount="0"/>
        <line num="31" count="5" type="stmt"/>
        <line num="32" count="5" type="stmt"/>
        <line num="33" count="5" type="cond" truecount="1" falsecount="0"/>
        <line num="34" count="1" type="stmt"/>
        <line num="35" count="1" type="cond" truecount="0" falsecount="1"/>
        <line num="36" count="1" type="stmt"/>
        <line num="37" count="1" type="stmt"/>
        <line num="38" count="1" type="stmt"/>
        <line num="39" count="1" type="stmt"/>
        <line num="40" count="1" type="stmt"/>
        <line num="41" count="1" type="stmt"/>
        <line num="42" count="1" type="stmt"/>
        <line num="43" count="1" type="stmt"/>
        <line num="44" count="1" type="stmt"/>
        <line num="45" count="1" type="stmt"/>
        <line num="46" count="1" type="stmt"/>
        <line num="47" count="1" type="stmt"/>
        <line num="48" count="1" type="stmt"/>
        <line num="49" count="1" type="cond" truecount="0" falsecount="1"/>
        <line num="50" count="0" type="stmt"/>
        <line num="51" count="0" type="stmt"/>
        <line num="52" count="1" type="cond" truecount="0" falsecount="1"/>
        <line num="53" count="0" type="stmt"/>
        <line num="54" count="1" type="stmt"/>
        <line num="55" count="1" type="stmt"/>
        <line num="56" count="1" type="stmt"/>
        <line num="57" count="1" type="stmt"/>
        <line num="58" count="5" type="stmt"/>
        <line num="59" count="5" type="cond" truecount="1" falsecount="0"/>
        <line num="60" count="3" type="stmt"/>
        <line num="61" count="3" type="stmt"/>
        <line num="62" count="3" type="stmt"/>
        <line num="63" count="3" type="stmt"/>
        <line num="64" count="3" type="stmt"/>
        <line num="65" count="3" type="stmt"/>
        <line num="66" count="3" type="stmt"/>
        <line num="67" count="3" type="stmt"/>
        <line num="68" count="3" type="stmt"/>
        <line num="69" count="3" type="stmt"/>
        <line num="70" count="3" type="stmt"/>
        <line num="71" count="3" type="stmt"/>
        <line num="72" count="3" type="cond" truecount="1" falsecount="0"/>
        <line num="73" count="3" type="stmt"/>
        <line num="74" count="3" type="stmt"/>
        <line num="75" count="3" type="stmt"/>
        <line num="76" count="3" type="cond" truecount="2" falsecount="0"/>
        <line num="77" count="3" type="stmt"/>
        <line num="78" count="3" type="stmt"/>
        <line num="79" count="3" type="stmt"/>
        <line num="80" count="3" type="stmt"/>
        <line num="81" count="3" type="stmt"/>
        <line num="82" count="3" type="cond" truecount="1" falsecount="0"/>
        <line num="83" count="2" type="stmt"/>
        <line num="84" count="5" type="cond" truecount="1" falsecount="1"/>
        <line num="85" count="2" type="stmt"/>
        <line num="86" count="2" type="stmt"/>
        <line num="87" count="2" type="stmt"/>
        <line num="88" count="2" type="stmt"/>
        <line num="89" count="2" type="stmt"/>
        <line num="90" count="2" type="stmt"/>
        <line num="91" count="2" type="stmt"/>
        <line num="92" count="2" type="stmt"/>
        <line num="93" count="2" type="stmt"/>
        <line num="94" count="2" type="stmt"/>
        <line num="95" count="2" type="stmt"/>
        <line num="96" count="2" type="stmt"/>
        <line num="97" count="2" type="cond" truecount="1" falsecount="0"/>
        <line num="98" count="1" type="cond" truecount="1" falsecount="0"/>
        <line num="99" count="1" type="stmt"/>
        <line num="100" count="1" type="cond" truecount="1" falsecount="0"/>
        <line num="101" count="1" type="stmt"/>
        <line num="102" count="1" type="cond" truecount="0" falsecount="1"/>
        <line num="103" count="1" type="stmt"/>
        <line num="104" count="1" type="cond" truecount="0" falsecount="1"/>
        <line num="105" count="1" type="stmt"/>
        <line num="106" count="1" type="stmt"/>
        <line num="107" count="1" type="stmt"/>
        <line num="108" count="1" type="stmt"/>
        <line num="109" count="1" type="stmt"/>
        <line num="110" count="1" type="stmt"/>
        <line num="111" count="1" type="stmt"/>
        <line num="112" count="1" type="stmt"/>
        <line num="113" count="1" type="stmt"/>
        <line num="114" count="1" type="stmt"/>
        <line num="115" count="1" type="stmt"/>
        <line num="116" count="5" type="stmt"/>
        <line num="117" count="5" type="stmt"/>
        <line num="118" count="5" type="stmt"/>
        <line num="119" count="5" type="stmt"/>
        <line num="120" count="5" type="stmt"/>
        <line num="121" count="5" type="stmt"/>
      </file>
    </package>
  </project>
</coverage>
