{"/home/alison/workspace/flip7-score4all/frontend/postcss.config.js": {"path":"/home/alison/workspace/flip7-score4all/frontend/postcss.config.js","all":true,"statementMap":{"0":{"start":{"line":1,"column":0},"end":{"line":1,"column":16}},"1":{"start":{"line":2,"column":0},"end":{"line":2,"column":12}},"2":{"start":{"line":3,"column":0},"end":{"line":3,"column":20}},"3":{"start":{"line":4,"column":0},"end":{"line":4,"column":21}},"4":{"start":{"line":5,"column":0},"end":{"line":5,"column":4}},"5":{"start":{"line":6,"column":0},"end":{"line":6,"column":1}}},"s":{"0":0,"1":0,"2":0,"3":0,"4":0,"5":0},"branchMap":{"0":{"type":"branch","line":1,"loc":{"start":{"line":1,"column":0},"end":{"line":6,"column":-11}},"locations":[{"start":{"line":1,"column":0},"end":{"line":6,"column":-11}}]}},"b":{"0":[0]},"fnMap":{"0":{"name":"(empty-report)","decl":{"start":{"line":1,"column":0},"end":{"line":6,"column":-11}},"loc":{"start":{"line":1,"column":0},"end":{"line":6,"column":-11}},"line":1}},"f":{"0":0}}
,"/home/alison/workspace/flip7-score4all/frontend/tailwind.config.js": {"path":"/home/alison/workspace/flip7-score4all/frontend/tailwind.config.js","all":true,"statementMap":{"0":{"start":{"line":1,"column":0},"end":{"line":1,"column":43}},"1":{"start":{"line":2,"column":0},"end":{"line":2,"column":16}},"2":{"start":{"line":3,"column":0},"end":{"line":3,"column":12}},"3":{"start":{"line":4,"column":0},"end":{"line":4,"column":19}},"4":{"start":{"line":5,"column":0},"end":{"line":5,"column":33}},"5":{"start":{"line":6,"column":0},"end":{"line":6,"column":4}},"6":{"start":{"line":7,"column":0},"end":{"line":7,"column":10}},"7":{"start":{"line":8,"column":0},"end":{"line":8,"column":15}},"8":{"start":{"line":9,"column":0},"end":{"line":9,"column":4}},"9":{"start":{"line":10,"column":0},"end":{"line":10,"column":14}},"10":{"start":{"line":11,"column":0},"end":{"line":11,"column":1}}},"s":{"0":0,"1":0,"2":0,"3":0,"4":0,"5":0,"6":0,"7":0,"8":0,"9":0,"10":0},"branchMap":{"0":{"type":"branch","line":1,"loc":{"start":{"line":1,"column":0},"end":{"line":11,"column":-13}},"locations":[{"start":{"line":1,"column":0},"end":{"line":11,"column":-13}}]}},"b":{"0":[0]},"fnMap":{"0":{"name":"(empty-report)","decl":{"start":{"line":1,"column":0},"end":{"line":11,"column":-13}},"loc":{"start":{"line":1,"column":0},"end":{"line":11,"column":-13}},"line":1}},"f":{"0":0}}
,"/home/alison/workspace/flip7-score4all/frontend/src/App.tsx": {"path":"/home/alison/workspace/flip7-score4all/frontend/src/App.tsx","all":false,"statementMap":{"0":{"start":{"line":1,"column":0},"end":{"line":1,"column":63}},"1":{"start":{"line":2,"column":0},"end":{"line":2,"column":31}},"2":{"start":{"line":3,"column":0},"end":{"line":3,"column":51}},"3":{"start":{"line":4,"column":0},"end":{"line":4,"column":43}},"4":{"start":{"line":5,"column":0},"end":{"line":5,"column":0}},"5":{"start":{"line":6,"column":0},"end":{"line":6,"column":16}},"6":{"start":{"line":7,"column":0},"end":{"line":7,"column":10}},"7":{"start":{"line":8,"column":0},"end":{"line":8,"column":19}},"8":{"start":{"line":9,"column":0},"end":{"line":9,"column":14}},"9":{"start":{"line":10,"column":0},"end":{"line":10,"column":45}},"10":{"start":{"line":11,"column":0},"end":{"line":11,"column":76}},"11":{"start":{"line":12,"column":0},"end":{"line":12,"column":61}},"12":{"start":{"line":13,"column":0},"end":{"line":13,"column":15}},"13":{"start":{"line":14,"column":0},"end":{"line":14,"column":20}},"14":{"start":{"line":15,"column":0},"end":{"line":15,"column":3}},"15":{"start":{"line":16,"column":0},"end":{"line":16,"column":1}},"16":{"start":{"line":17,"column":0},"end":{"line":17,"column":0}},"17":{"start":{"line":18,"column":0},"end":{"line":18,"column":18}}},"s":{"0":1,"1":1,"2":1,"3":1,"4":1,"5":1,"6":1,"7":1,"8":1,"9":1,"10":1,"11":1,"12":1,"13":1,"14":1,"15":1,"16":1,"17":1},"branchMap":{"0":{"type":"branch","line":6,"loc":{"start":{"line":6,"column":0},"end":{"line":16,"column":1}},"locations":[{"start":{"line":6,"column":0},"end":{"line":16,"column":1}}]}},"b":{"0":[1]},"fnMap":{"0":{"name":"App","decl":{"start":{"line":6,"column":0},"end":{"line":16,"column":1}},"loc":{"start":{"line":6,"column":0},"end":{"line":16,"column":1}},"line":6}},"f":{"0":1}}
,"/home/alison/workspace/flip7-score4all/frontend/src/main.tsx": {"path":"/home/alison/workspace/flip7-score4all/frontend/src/main.tsx","all":true,"statementMap":{"0":{"start":{"line":1,"column":0},"end":{"line":1,"column":25}},"1":{"start":{"line":2,"column":0},"end":{"line":2,"column":39}},"2":{"start":{"line":3,"column":0},"end":{"line":3,"column":27}},"3":{"start":{"line":4,"column":0},"end":{"line":4,"column":20}},"4":{"start":{"line":5,"column":0},"end":{"line":5,"column":0}},"5":{"start":{"line":6,"column":0},"end":{"line":6,"column":61}},"6":{"start":{"line":7,"column":0},"end":{"line":7,"column":20}},"7":{"start":{"line":8,"column":0},"end":{"line":8,"column":11}},"8":{"start":{"line":9,"column":0},"end":{"line":9,"column":22}},"9":{"start":{"line":10,"column":0},"end":{"line":10,"column":1}}},"s":{"0":0,"1":0,"2":0,"3":0,"4":0,"5":0,"6":0,"7":0,"8":0,"9":0},"branchMap":{"0":{"type":"branch","line":1,"loc":{"start":{"line":1,"column":235},"end":{"line":10,"column":1}},"locations":[{"start":{"line":1,"column":235},"end":{"line":10,"column":1}}]}},"b":{"0":[0]},"fnMap":{"0":{"name":"(empty-report)","decl":{"start":{"line":1,"column":235},"end":{"line":10,"column":1}},"loc":{"start":{"line":1,"column":235},"end":{"line":10,"column":1}},"line":1}},"f":{"0":0}}
,"/home/alison/workspace/flip7-score4all/frontend/src/components/ScoreKeypad.tsx": {"path":"/home/alison/workspace/flip7-score4all/frontend/src/components/ScoreKeypad.tsx","all":false,"statementMap":{"0":{"start":{"line":1,"column":0},"end":{"line":1,"column":32}},"1":{"start":{"line":2,"column":0},"end":{"line":2,"column":0}},"2":{"start":{"line":3,"column":0},"end":{"line":3,"column":22}},"3":{"start":{"line":4,"column":0},"end":{"line":4,"column":13}},"4":{"start":{"line":5,"column":0},"end":{"line":5,"column":15}},"5":{"start":{"line":6,"column":0},"end":{"line":6,"column":16}},"6":{"start":{"line":7,"column":0},"end":{"line":7,"column":19}},"7":{"start":{"line":8,"column":0},"end":{"line":8,"column":2}},"8":{"start":{"line":9,"column":0},"end":{"line":9,"column":0}},"9":{"start":{"line":10,"column":0},"end":{"line":10,"column":25}},"10":{"start":{"line":11,"column":0},"end":{"line":11,"column":17}},"11":{"start":{"line":12,"column":0},"end":{"line":12,"column":37}},"12":{"start":{"line":13,"column":0},"end":{"line":13,"column":23}},"13":{"start":{"line":14,"column":0},"end":{"line":14,"column":2}},"14":{"start":{"line":15,"column":0},"end":{"line":15,"column":0}},"15":{"start":{"line":16,"column":0},"end":{"line":16,"column":88}},"16":{"start":{"line":17,"column":0},"end":{"line":17,"column":80}},"17":{"start":{"line":18,"column":0},"end":{"line":18,"column":76}},"18":{"start":{"line":19,"column":0},"end":{"line":19,"column":69}},"19":{"start":{"line":20,"column":0},"end":{"line":20,"column":0}},"20":{"start":{"line":21,"column":0},"end":{"line":21,"column":41}},"21":{"start":{"line":22,"column":0},"end":{"line":22,"column":43}},"22":{"start":{"line":23,"column":0},"end":{"line":23,"column":26}},"23":{"start":{"line":24,"column":0},"end":{"line":24,"column":24}},"24":{"start":{"line":25,"column":0},"end":{"line":25,"column":12}},"25":{"start":{"line":26,"column":0},"end":{"line":26,"column":34}},"26":{"start":{"line":27,"column":0},"end":{"line":27,"column":21}},"27":{"start":{"line":28,"column":0},"end":{"line":28,"column":5}},"28":{"start":{"line":29,"column":0},"end":{"line":29,"column":30}},"29":{"start":{"line":30,"column":0},"end":{"line":30,"column":3}},"30":{"start":{"line":31,"column":0},"end":{"line":31,"column":0}},"31":{"start":{"line":32,"column":0},"end":{"line":32,"column":40}},"32":{"start":{"line":33,"column":0},"end":{"line":33,"column":41}},"33":{"start":{"line":34,"column":0},"end":{"line":34,"column":26}},"34":{"start":{"line":35,"column":0},"end":{"line":35,"column":24}},"35":{"start":{"line":36,"column":0},"end":{"line":36,"column":12}},"36":{"start":{"line":37,"column":0},"end":{"line":37,"column":21}},"37":{"start":{"line":38,"column":0},"end":{"line":38,"column":5}},"38":{"start":{"line":39,"column":0},"end":{"line":39,"column":28}},"39":{"start":{"line":40,"column":0},"end":{"line":40,"column":3}},"40":{"start":{"line":41,"column":0},"end":{"line":41,"column":0}},"41":{"start":{"line":42,"column":0},"end":{"line":42,"column":34}},"42":{"start":{"line":43,"column":0},"end":{"line":43,"column":46}},"43":{"start":{"line":44,"column":0},"end":{"line":44,"column":3}},"44":{"start":{"line":45,"column":0},"end":{"line":45,"column":0}},"45":{"start":{"line":46,"column":0},"end":{"line":46,"column":22}},"46":{"start":{"line":47,"column":0},"end":{"line":47,"column":32}},"47":{"start":{"line":48,"column":0},"end":{"line":48,"column":88}},"48":{"start":{"line":49,"column":0},"end":{"line":49,"column":63}},"49":{"start":{"line":50,"column":0},"end":{"line":50,"column":5}},"50":{"start":{"line":51,"column":0},"end":{"line":51,"column":0}},"51":{"start":{"line":52,"column":0},"end":{"line":52,"column":30}},"52":{"start":{"line":53,"column":0},"end":{"line":53,"column":68}},"53":{"start":{"line":54,"column":0},"end":{"line":54,"column":60}},"54":{"start":{"line":55,"column":0},"end":{"line":55,"column":72}},"55":{"start":{"line":56,"column":0},"end":{"line":56,"column":0}},"56":{"start":{"line":57,"column":0},"end":{"line":57,"column":28}},"57":{"start":{"line":58,"column":0},"end":{"line":58,"column":38}},"58":{"start":{"line":59,"column":0},"end":{"line":59,"column":31}},"59":{"start":{"line":60,"column":0},"end":{"line":60,"column":36}},"60":{"start":{"line":61,"column":0},"end":{"line":61,"column":14}},"61":{"start":{"line":62,"column":0},"end":{"line":62,"column":27}},"62":{"start":{"line":63,"column":0},"end":{"line":63,"column":7}},"63":{"start":{"line":64,"column":0},"end":{"line":64,"column":5}},"64":{"start":{"line":65,"column":0},"end":{"line":65,"column":0}},"65":{"start":{"line":66,"column":0},"end":{"line":66,"column":68}},"66":{"start":{"line":67,"column":0},"end":{"line":67,"column":64}},"67":{"start":{"line":68,"column":0},"end":{"line":68,"column":30}},"68":{"start":{"line":69,"column":0},"end":{"line":69,"column":59}},"69":{"start":{"line":70,"column":0},"end":{"line":70,"column":34}},"70":{"start":{"line":71,"column":0},"end":{"line":71,"column":5}},"71":{"start":{"line":72,"column":0},"end":{"line":72,"column":0}},"72":{"start":{"line":73,"column":0},"end":{"line":73,"column":20}},"73":{"start":{"line":74,"column":0},"end":{"line":74,"column":37}},"74":{"start":{"line":75,"column":0},"end":{"line":75,"column":19}},"75":{"start":{"line":76,"column":0},"end":{"line":76,"column":29}},"76":{"start":{"line":77,"column":0},"end":{"line":77,"column":5}},"77":{"start":{"line":78,"column":0},"end":{"line":78,"column":0}},"78":{"start":{"line":79,"column":0},"end":{"line":79,"column":59}},"79":{"start":{"line":80,"column":0},"end":{"line":80,"column":49}},"80":{"start":{"line":81,"column":0},"end":{"line":81,"column":3}},"81":{"start":{"line":82,"column":0},"end":{"line":82,"column":0}},"82":{"start":{"line":83,"column":0},"end":{"line":83,"column":41}},"83":{"start":{"line":84,"column":0},"end":{"line":84,"column":0}},"84":{"start":{"line":85,"column":0},"end":{"line":85,"column":10}},"85":{"start":{"line":86,"column":0},"end":{"line":86,"column":35}},"86":{"start":{"line":87,"column":0},"end":{"line":87,"column":37}},"87":{"start":{"line":88,"column":0},"end":{"line":88,"column":38}},"88":{"start":{"line":89,"column":0},"end":{"line":89,"column":32}},"89":{"start":{"line":90,"column":0},"end":{"line":90,"column":14}},"90":{"start":{"line":91,"column":0},"end":{"line":91,"column":0}},"91":{"start":{"line":92,"column":0},"end":{"line":92,"column":43}},"92":{"start":{"line":93,"column":0},"end":{"line":93,"column":47}},"93":{"start":{"line":94,"column":0},"end":{"line":94,"column":49}},"94":{"start":{"line":95,"column":0},"end":{"line":95,"column":14}},"95":{"start":{"line":96,"column":0},"end":{"line":96,"column":0}},"96":{"start":{"line":97,"column":0},"end":{"line":97,"column":61}},"97":{"start":{"line":98,"column":0},"end":{"line":98,"column":36}},"98":{"start":{"line":99,"column":0},"end":{"line":99,"column":43}},"99":{"start":{"line":100,"column":0},"end":{"line":100,"column":51}},"100":{"start":{"line":101,"column":0},"end":{"line":101,"column":69}},"101":{"start":{"line":102,"column":0},"end":{"line":102,"column":20}},"102":{"start":{"line":103,"column":0},"end":{"line":103,"column":19}},"103":{"start":{"line":104,"column":0},"end":{"line":104,"column":24}},"104":{"start":{"line":105,"column":0},"end":{"line":105,"column":101}},"105":{"start":{"line":106,"column":0},"end":{"line":106,"column":62}},"106":{"start":{"line":107,"column":0},"end":{"line":107,"column":15}},"107":{"start":{"line":108,"column":0},"end":{"line":108,"column":19}},"108":{"start":{"line":109,"column":0},"end":{"line":109,"column":20}},"109":{"start":{"line":110,"column":0},"end":{"line":110,"column":13}},"110":{"start":{"line":111,"column":0},"end":{"line":111,"column":13}},"111":{"start":{"line":112,"column":0},"end":{"line":112,"column":14}},"112":{"start":{"line":113,"column":0},"end":{"line":113,"column":0}},"113":{"start":{"line":114,"column":0},"end":{"line":114,"column":67}},"114":{"start":{"line":115,"column":0},"end":{"line":115,"column":36}},"115":{"start":{"line":116,"column":0},"end":{"line":116,"column":15}},"116":{"start":{"line":117,"column":0},"end":{"line":117,"column":88}},"117":{"start":{"line":118,"column":0},"end":{"line":118,"column":38}},"118":{"start":{"line":119,"column":0},"end":{"line":119,"column":11}},"119":{"start":{"line":120,"column":0},"end":{"line":120,"column":14}},"120":{"start":{"line":121,"column":0},"end":{"line":121,"column":16}},"121":{"start":{"line":122,"column":0},"end":{"line":122,"column":40}},"122":{"start":{"line":123,"column":0},"end":{"line":123,"column":17}},"123":{"start":{"line":124,"column":0},"end":{"line":124,"column":24}},"124":{"start":{"line":125,"column":0},"end":{"line":125,"column":82}},"125":{"start":{"line":126,"column":0},"end":{"line":126,"column":46}},"126":{"start":{"line":127,"column":0},"end":{"line":127,"column":13}},"127":{"start":{"line":128,"column":0},"end":{"line":128,"column":20}},"128":{"start":{"line":129,"column":0},"end":{"line":129,"column":18}},"129":{"start":{"line":130,"column":0},"end":{"line":130,"column":13}},"130":{"start":{"line":131,"column":0},"end":{"line":131,"column":14}},"131":{"start":{"line":132,"column":0},"end":{"line":132,"column":0}},"132":{"start":{"line":133,"column":0},"end":{"line":133,"column":38}},"133":{"start":{"line":134,"column":0},"end":{"line":134,"column":77}},"134":{"start":{"line":135,"column":0},"end":{"line":135,"column":18}},"135":{"start":{"line":136,"column":0},"end":{"line":136,"column":36}},"136":{"start":{"line":137,"column":0},"end":{"line":137,"column":44}},"137":{"start":{"line":138,"column":0},"end":{"line":138,"column":11}},"138":{"start":{"line":139,"column":0},"end":{"line":139,"column":21}},"139":{"start":{"line":140,"column":0},"end":{"line":140,"column":19}},"140":{"start":{"line":141,"column":0},"end":{"line":141,"column":14}},"141":{"start":{"line":142,"column":0},"end":{"line":142,"column":12}},"142":{"start":{"line":143,"column":0},"end":{"line":143,"column":10}},"143":{"start":{"line":144,"column":0},"end":{"line":144,"column":3}},"144":{"start":{"line":145,"column":0},"end":{"line":145,"column":1}}},"s":{"0":1,"1":1,"2":1,"3":1,"4":1,"5":1,"6":1,"7":1,"8":1,"9":1,"10":1,"11":1,"12":1,"13":1,"14":1,"15":13,"16":13,"17":13,"18":13,"19":13,"20":13,"21":4,"22":4,"23":0,"24":4,"25":4,"26":4,"27":4,"28":4,"29":4,"30":13,"31":13,"32":2,"33":2,"34":0,"35":2,"36":2,"37":2,"38":2,"39":2,"40":13,"41":13,"42":1,"43":1,"44":13,"45":13,"46":13,"47":13,"48":6,"49":6,"50":7,"51":7,"52":7,"53":7,"54":13,"55":13,"56":13,"57":6,"58":6,"59":1,"60":6,"61":5,"62":5,"63":6,"64":7,"65":7,"66":7,"67":13,"68":2,"69":2,"70":2,"71":7,"72":7,"73":13,"74":0,"75":0,"76":0,"77":7,"78":7,"79":13,"80":13,"81":13,"82":13,"83":13,"84":13,"85":13,"86":13,"87":13,"88":13,"89":13,"90":13,"91":13,"92":13,"93":13,"94":13,"95":13,"96":13,"97":13,"98":13,"99":169,"100":169,"101":169,"102":169,"103":169,"104":169,"105":169,"106":169,"107":169,"108":169,"109":169,"110":13,"111":13,"112":13,"113":13,"114":13,"115":13,"116":13,"117":13,"118":13,"119":13,"120":13,"121":13,"122":65,"123":65,"124":65,"125":65,"126":65,"127":65,"128":65,"129":13,"130":13,"131":13,"132":13,"133":13,"134":13,"135":13,"136":13,"137":13,"138":13,"139":13,"140":13,"141":13,"142":13,"143":13,"144":13},"branchMap":{"0":{"type":"branch","line":16,"loc":{"start":{"line":16,"column":0},"end":{"line":145,"column":1}},"locations":[{"start":{"line":16,"column":0},"end":{"line":145,"column":1}}]},"1":{"type":"branch","line":117,"loc":{"start":{"line":117,"column":51},"end":{"line":117,"column":83}},"locations":[{"start":{"line":117,"column":51},"end":{"line":117,"column":83}}]},"2":{"type":"branch","line":117,"loc":{"start":{"line":117,"column":72},"end":{"line":117,"column":85}},"locations":[{"start":{"line":117,"column":72},"end":{"line":117,"column":85}}]},"3":{"type":"branch","line":21,"loc":{"start":{"line":21,"column":23},"end":{"line":30,"column":3}},"locations":[{"start":{"line":21,"column":23},"end":{"line":30,"column":3}}]},"4":{"type":"branch","line":23,"loc":{"start":{"line":23,"column":25},"end":{"line":25,"column":11}},"locations":[{"start":{"line":23,"column":25},"end":{"line":25,"column":11}}]},"5":{"type":"branch","line":26,"loc":{"start":{"line":26,"column":28},"end":{"line":26,"column":34}},"locations":[{"start":{"line":26,"column":28},"end":{"line":26,"column":34}}]},"6":{"type":"branch","line":32,"loc":{"start":{"line":32,"column":22},"end":{"line":40,"column":3}},"locations":[{"start":{"line":32,"column":22},"end":{"line":40,"column":3}}]},"7":{"type":"branch","line":34,"loc":{"start":{"line":34,"column":25},"end":{"line":36,"column":11}},"locations":[{"start":{"line":34,"column":25},"end":{"line":36,"column":11}}]},"8":{"type":"branch","line":42,"loc":{"start":{"line":42,"column":27},"end":{"line":44,"column":3}},"locations":[{"start":{"line":42,"column":27},"end":{"line":44,"column":3}}]},"9":{"type":"branch","line":47,"loc":{"start":{"line":47,"column":25},"end":{"line":81,"column":3}},"locations":[{"start":{"line":47,"column":25},"end":{"line":81,"column":3}}]},"10":{"type":"branch","line":48,"loc":{"start":{"line":48,"column":33},"end":{"line":48,"column":66}},"locations":[{"start":{"line":48,"column":33},"end":{"line":48,"column":66}}]},"11":{"type":"branch","line":48,"loc":{"start":{"line":48,"column":61},"end":{"line":48,"column":87}},"locations":[{"start":{"line":48,"column":61},"end":{"line":48,"column":87}}]},"12":{"type":"branch","line":48,"loc":{"start":{"line":48,"column":87},"end":{"line":50,"column":5}},"locations":[{"start":{"line":48,"column":87},"end":{"line":50,"column":5}}]},"13":{"type":"branch","line":50,"loc":{"start":{"line":50,"column":4},"end":{"line":55,"column":53}},"locations":[{"start":{"line":50,"column":4},"end":{"line":55,"column":53}}]},"14":{"type":"branch","line":55,"loc":{"start":{"line":55,"column":32},"end":{"line":55,"column":66}},"locations":[{"start":{"line":55,"column":32},"end":{"line":55,"column":66}}]},"15":{"type":"branch","line":55,"loc":{"start":{"line":55,"column":62},"end":{"line":55,"column":72}},"locations":[{"start":{"line":55,"column":62},"end":{"line":55,"column":72}}]},"16":{"type":"branch","line":57,"loc":{"start":{"line":57,"column":27},"end":{"line":64,"column":5}},"locations":[{"start":{"line":57,"column":27},"end":{"line":64,"column":5}}]},"17":{"type":"branch","line":59,"loc":{"start":{"line":59,"column":30},"end":{"line":61,"column":13}},"locations":[{"start":{"line":59,"column":30},"end":{"line":61,"column":13}}]},"18":{"type":"branch","line":61,"loc":{"start":{"line":61,"column":6},"end":{"line":63,"column":7}},"locations":[{"start":{"line":61,"column":6},"end":{"line":63,"column":7}}]},"19":{"type":"branch","line":64,"loc":{"start":{"line":64,"column":4},"end":{"line":68,"column":29}},"locations":[{"start":{"line":64,"column":4},"end":{"line":68,"column":29}}]},"20":{"type":"branch","line":68,"loc":{"start":{"line":68,"column":29},"end":{"line":71,"column":5}},"locations":[{"start":{"line":68,"column":29},"end":{"line":71,"column":5}}]},"21":{"type":"branch","line":71,"loc":{"start":{"line":71,"column":4},"end":{"line":74,"column":36}},"locations":[{"start":{"line":71,"column":4},"end":{"line":74,"column":36}}]},"22":{"type":"branch","line":74,"loc":{"start":{"line":74,"column":36},"end":{"line":77,"column":5}},"locations":[{"start":{"line":74,"column":36},"end":{"line":77,"column":5}}]},"23":{"type":"branch","line":77,"loc":{"start":{"line":77,"column":4},"end":{"line":80,"column":37}},"locations":[{"start":{"line":77,"column":4},"end":{"line":80,"column":37}}]},"24":{"type":"branch","line":80,"loc":{"start":{"line":80,"column":32},"end":{"line":80,"column":42}},"locations":[{"start":{"line":80,"column":32},"end":{"line":80,"column":42}}]},"25":{"type":"branch","line":53,"loc":{"start":{"line":53,"column":52},"end":{"line":53,"column":67}},"locations":[{"start":{"line":53,"column":52},"end":{"line":53,"column":67}}]},"26":{"type":"branch","line":54,"loc":{"start":{"line":54,"column":33},"end":{"line":54,"column":58}},"locations":[{"start":{"line":54,"column":33},"end":{"line":54,"column":58}}]},"27":{"type":"branch","line":67,"loc":{"start":{"line":67,"column":37},"end":{"line":67,"column":62}},"locations":[{"start":{"line":67,"column":37},"end":{"line":67,"column":62}}]},"28":{"type":"branch","line":69,"loc":{"start":{"line":69,"column":37},"end":{"line":69,"column":49}},"locations":[{"start":{"line":69,"column":37},"end":{"line":69,"column":49}}]},"29":{"type":"branch","line":99,"loc":{"start":{"line":99,"column":37},"end":{"line":111,"column":11}},"locations":[{"start":{"line":99,"column":37},"end":{"line":111,"column":11}}]},"30":{"type":"branch","line":101,"loc":{"start":{"line":101,"column":32},"end":{"line":101,"column":69}},"locations":[{"start":{"line":101,"column":32},"end":{"line":101,"column":69}}]},"31":{"type":"branch","line":105,"loc":{"start":{"line":105,"column":42},"end":{"line":105,"column":64}},"locations":[{"start":{"line":105,"column":42},"end":{"line":105,"column":64}}]},"32":{"type":"branch","line":105,"loc":{"start":{"line":105,"column":53},"end":{"line":105,"column":66}},"locations":[{"start":{"line":105,"column":53},"end":{"line":105,"column":66}}]},"33":{"type":"branch","line":105,"loc":{"start":{"line":105,"column":70},"end":{"line":105,"column":96}},"locations":[{"start":{"line":105,"column":70},"end":{"line":105,"column":96}}]},"34":{"type":"branch","line":106,"loc":{"start":{"line":106,"column":25},"end":{"line":106,"column":62}},"locations":[{"start":{"line":106,"column":25},"end":{"line":106,"column":62}}]},"35":{"type":"branch","line":122,"loc":{"start":{"line":122,"column":32},"end":{"line":129,"column":18}},"locations":[{"start":{"line":122,"column":32},"end":{"line":129,"column":18}}]},"36":{"type":"branch","line":125,"loc":{"start":{"line":125,"column":62},"end":{"line":125,"column":77}},"locations":[{"start":{"line":125,"column":62},"end":{"line":125,"column":77}}]},"37":{"type":"branch","line":125,"loc":{"start":{"line":125,"column":66},"end":{"line":125,"column":79}},"locations":[{"start":{"line":125,"column":66},"end":{"line":125,"column":79}}]},"38":{"type":"branch","line":126,"loc":{"start":{"line":126,"column":23},"end":{"line":126,"column":46}},"locations":[{"start":{"line":126,"column":23},"end":{"line":126,"column":46}}]},"39":{"type":"branch","line":137,"loc":{"start":{"line":137,"column":21},"end":{"line":137,"column":44}},"locations":[{"start":{"line":137,"column":21},"end":{"line":137,"column":44}}]}},"b":{"0":[13],"1":[1],"2":[12],"3":[4],"4":[0],"5":[0],"6":[2],"7":[0],"8":[1],"9":[13],"10":[7],"11":[6],"12":[6],"13":[7],"14":[1],"15":[6],"16":[6],"17":[1],"18":[5],"19":[7],"20":[2],"21":[7],"22":[0],"23":[7],"24":[0],"25":[1],"26":[7],"27":[2],"28":[2],"29":[169],"30":[162],"31":[7],"32":[162],"33":[0],"34":[4],"35":[65],"36":[2],"37":[63],"38":[2],"39":[1]},"fnMap":{"0":{"name":"ScoreKeypad","decl":{"start":{"line":16,"column":0},"end":{"line":145,"column":1}},"loc":{"start":{"line":16,"column":0},"end":{"line":145,"column":1}},"line":16},"1":{"name":"toggleNumber","decl":{"start":{"line":21,"column":23},"end":{"line":30,"column":3}},"loc":{"start":{"line":21,"column":23},"end":{"line":30,"column":3}},"line":21},"2":{"name":"toggleBonus","decl":{"start":{"line":32,"column":22},"end":{"line":40,"column":3}},"loc":{"start":{"line":32,"column":22},"end":{"line":40,"column":3}},"line":32},"3":{"name":"toggleMultiplier","decl":{"start":{"line":42,"column":27},"end":{"line":44,"column":3}},"loc":{"start":{"line":42,"column":27},"end":{"line":44,"column":3}},"line":42},"4":{"name":"getCalculation","decl":{"start":{"line":47,"column":25},"end":{"line":81,"column":3}},"loc":{"start":{"line":47,"column":25},"end":{"line":81,"column":3}},"line":47},"5":{"name":"onClick","decl":{"start":{"line":106,"column":25},"end":{"line":106,"column":62}},"loc":{"start":{"line":106,"column":25},"end":{"line":106,"column":62}},"line":106},"6":{"name":"onClick","decl":{"start":{"line":126,"column":23},"end":{"line":126,"column":46}},"loc":{"start":{"line":126,"column":23},"end":{"line":126,"column":46}},"line":126},"7":{"name":"onClick","decl":{"start":{"line":137,"column":21},"end":{"line":137,"column":44}},"loc":{"start":{"line":137,"column":21},"end":{"line":137,"column":44}},"line":137}},"f":{"0":13,"1":4,"2":2,"3":1,"4":13,"5":4,"6":2,"7":1}}
,"/home/alison/workspace/flip7-score4all/frontend/src/pages/Home.tsx": {"path":"/home/alison/workspace/flip7-score4all/frontend/src/pages/Home.tsx","all":false,"statementMap":{"0":{"start":{"line":1,"column":0},"end":{"line":1,"column":39}},"1":{"start":{"line":2,"column":0},"end":{"line":2,"column":46}},"2":{"start":{"line":3,"column":0},"end":{"line":3,"column":0}},"3":{"start":{"line":4,"column":0},"end":{"line":4,"column":32}},"4":{"start":{"line":5,"column":0},"end":{"line":5,"column":46}},"5":{"start":{"line":6,"column":0},"end":{"line":6,"column":47}},"6":{"start":{"line":7,"column":0},"end":{"line":7,"column":32}},"7":{"start":{"line":8,"column":0},"end":{"line":8,"column":0}},"8":{"start":{"line":9,"column":0},"end":{"line":9,"column":34}},"9":{"start":{"line":10,"column":0},"end":{"line":10,"column":20}},"10":{"start":{"line":11,"column":0},"end":{"line":11,"column":9}},"11":{"start":{"line":12,"column":0},"end":{"line":12,"column":63}},"12":{"start":{"line":13,"column":0},"end":{"line":13,"column":35}},"13":{"start":{"line":14,"column":0},"end":{"line":14,"column":47}},"14":{"start":{"line":15,"column":0},"end":{"line":15,"column":13}},"15":{"start":{"line":16,"column":0},"end":{"line":16,"column":46}},"16":{"start":{"line":17,"column":0},"end":{"line":17,"column":15}},"17":{"start":{"line":18,"column":0},"end":{"line":18,"column":23}},"18":{"start":{"line":19,"column":0},"end":{"line":19,"column":5}},"19":{"start":{"line":20,"column":0},"end":{"line":20,"column":3}},"20":{"start":{"line":21,"column":0},"end":{"line":21,"column":0}},"21":{"start":{"line":22,"column":0},"end":{"line":22,"column":44}},"22":{"start":{"line":23,"column":0},"end":{"line":23,"column":22}},"23":{"start":{"line":24,"column":0},"end":{"line":24,"column":32}},"24":{"start":{"line":25,"column":0},"end":{"line":25,"column":47}},"25":{"start":{"line":26,"column":0},"end":{"line":26,"column":3}},"26":{"start":{"line":27,"column":0},"end":{"line":27,"column":0}},"27":{"start":{"line":28,"column":0},"end":{"line":28,"column":10}},"28":{"start":{"line":29,"column":0},"end":{"line":29,"column":31}},"29":{"start":{"line":30,"column":0},"end":{"line":30,"column":14}},"30":{"start":{"line":31,"column":0},"end":{"line":31,"column":32}},"31":{"start":{"line":32,"column":0},"end":{"line":32,"column":15}},"32":{"start":{"line":33,"column":0},"end":{"line":33,"column":6}},"33":{"start":{"line":34,"column":0},"end":{"line":34,"column":29}},"34":{"start":{"line":35,"column":0},"end":{"line":35,"column":80}},"35":{"start":{"line":36,"column":0},"end":{"line":36,"column":87}},"36":{"start":{"line":37,"column":0},"end":{"line":37,"column":56}},"37":{"start":{"line":38,"column":0},"end":{"line":38,"column":12}},"38":{"start":{"line":39,"column":0},"end":{"line":39,"column":16}},"39":{"start":{"line":40,"column":0},"end":{"line":40,"column":34}},"40":{"start":{"line":41,"column":0},"end":{"line":41,"column":31}},"41":{"start":{"line":42,"column":0},"end":{"line":42,"column":28}},"42":{"start":{"line":43,"column":0},"end":{"line":43,"column":33}},"43":{"start":{"line":44,"column":0},"end":{"line":44,"column":9}},"44":{"start":{"line":45,"column":0},"end":{"line":45,"column":54}},"45":{"start":{"line":46,"column":0},"end":{"line":46,"column":17}},"46":{"start":{"line":47,"column":0},"end":{"line":47,"column":12}},"47":{"start":{"line":48,"column":0},"end":{"line":48,"column":0}},"48":{"start":{"line":49,"column":0},"end":{"line":49,"column":53}},"49":{"start":{"line":50,"column":0},"end":{"line":50,"column":81}},"50":{"start":{"line":51,"column":0},"end":{"line":51,"column":87}},"51":{"start":{"line":52,"column":0},"end":{"line":52,"column":63}},"52":{"start":{"line":53,"column":0},"end":{"line":53,"column":12}},"53":{"start":{"line":54,"column":0},"end":{"line":54,"column":82}},"54":{"start":{"line":55,"column":0},"end":{"line":55,"column":17}},"55":{"start":{"line":56,"column":0},"end":{"line":56,"column":24}},"56":{"start":{"line":57,"column":0},"end":{"line":57,"column":35}},"57":{"start":{"line":58,"column":0},"end":{"line":58,"column":29}},"58":{"start":{"line":59,"column":0},"end":{"line":59,"column":71}},"59":{"start":{"line":60,"column":0},"end":{"line":60,"column":25}},"60":{"start":{"line":61,"column":0},"end":{"line":61,"column":20}},"61":{"start":{"line":62,"column":0},"end":{"line":62,"column":69}},"62":{"start":{"line":63,"column":0},"end":{"line":63,"column":12}},"63":{"start":{"line":64,"column":0},"end":{"line":64,"column":70}},"64":{"start":{"line":65,"column":0},"end":{"line":65,"column":15}},"65":{"start":{"line":66,"column":0},"end":{"line":66,"column":12}},"66":{"start":{"line":67,"column":0},"end":{"line":67,"column":10}},"67":{"start":{"line":68,"column":0},"end":{"line":68,"column":3}},"68":{"start":{"line":69,"column":0},"end":{"line":69,"column":1}}},"s":{"0":1,"1":1,"2":1,"3":7,"4":7,"5":7,"6":7,"7":7,"8":7,"9":1,"10":1,"11":1,"12":1,"13":1,"14":1,"15":0,"16":1,"17":1,"18":1,"19":1,"20":7,"21":7,"22":1,"23":1,"24":1,"25":1,"26":7,"27":7,"28":7,"29":7,"30":7,"31":7,"32":7,"33":7,"34":7,"35":7,"36":7,"37":7,"38":7,"39":7,"40":7,"41":7,"42":7,"43":7,"44":7,"45":7,"46":7,"47":7,"48":7,"49":7,"50":7,"51":7,"52":7,"53":7,"54":7,"55":7,"56":7,"57":7,"58":7,"59":7,"60":7,"61":7,"62":7,"63":7,"64":7,"65":7,"66":7,"67":7,"68":7},"branchMap":{"0":{"type":"branch","line":4,"loc":{"start":{"line":4,"column":0},"end":{"line":69,"column":1}},"locations":[{"start":{"line":4,"column":0},"end":{"line":69,"column":1}}]},"1":{"type":"branch","line":45,"loc":{"start":{"line":45,"column":11},"end":{"line":45,"column":36}},"locations":[{"start":{"line":45,"column":11},"end":{"line":45,"column":36}}]},"2":{"type":"branch","line":45,"loc":{"start":{"line":45,"column":21},"end":{"line":45,"column":54}},"locations":[{"start":{"line":45,"column":21},"end":{"line":45,"column":54}}]},"3":{"type":"branch","line":9,"loc":{"start":{"line":9,"column":21},"end":{"line":20,"column":3}},"locations":[{"start":{"line":9,"column":21},"end":{"line":20,"column":3}}]},"4":{"type":"branch","line":15,"loc":{"start":{"line":15,"column":4},"end":{"line":17,"column":6}},"locations":[{"start":{"line":15,"column":4},"end":{"line":17,"column":6}}]},"5":{"type":"branch","line":22,"loc":{"start":{"line":22,"column":19},"end":{"line":26,"column":3}},"locations":[{"start":{"line":22,"column":19},"end":{"line":26,"column":3}}]},"6":{"type":"branch","line":24,"loc":{"start":{"line":24,"column":26},"end":{"line":24,"column":32}},"locations":[{"start":{"line":24,"column":26},"end":{"line":24,"column":32}}]},"7":{"type":"branch","line":59,"loc":{"start":{"line":59,"column":22},"end":{"line":59,"column":71}},"locations":[{"start":{"line":59,"column":22},"end":{"line":59,"column":71}}]}},"b":{"0":[7],"1":[1],"2":[6],"3":[1],"4":[0],"5":[1],"6":[0],"7":[1]},"fnMap":{"0":{"name":"Home","decl":{"start":{"line":4,"column":0},"end":{"line":69,"column":1}},"loc":{"start":{"line":4,"column":0},"end":{"line":69,"column":1}},"line":4},"1":{"name":"createRoom","decl":{"start":{"line":9,"column":21},"end":{"line":20,"column":3}},"loc":{"start":{"line":9,"column":21},"end":{"line":20,"column":3}},"line":9},"2":{"name":"joinRoom","decl":{"start":{"line":22,"column":19},"end":{"line":26,"column":3}},"loc":{"start":{"line":22,"column":19},"end":{"line":26,"column":3}},"line":22},"3":{"name":"onChange","decl":{"start":{"line":59,"column":22},"end":{"line":59,"column":71}},"loc":{"start":{"line":59,"column":22},"end":{"line":59,"column":71}},"line":59}},"f":{"0":7,"1":1,"2":1,"3":1}}
,"/home/alison/workspace/flip7-score4all/frontend/src/pages/RoomController.tsx": {"path":"/home/alison/workspace/flip7-score4all/frontend/src/pages/RoomController.tsx","all":false,"statementMap":{"0":{"start":{"line":1,"column":0},"end":{"line":1,"column":50}},"1":{"start":{"line":2,"column":0},"end":{"line":2,"column":44}},"2":{"start":{"line":3,"column":0},"end":{"line":3,"column":51}},"3":{"start":{"line":4,"column":0},"end":{"line":4,"column":39}},"4":{"start":{"line":5,"column":0},"end":{"line":5,"column":0}},"5":{"start":{"line":6,"column":0},"end":{"line":6,"column":42}},"6":{"start":{"line":7,"column":0},"end":{"line":7,"column":48}},"7":{"start":{"line":8,"column":0},"end":{"line":8,"column":53}},"8":{"start":{"line":9,"column":0},"end":{"line":9,"column":60}},"9":{"start":{"line":10,"column":0},"end":{"line":10,"column":67}},"10":{"start":{"line":11,"column":0},"end":{"line":11,"column":0}},"11":{"start":{"line":12,"column":0},"end":{"line":12,"column":43}},"12":{"start":{"line":13,"column":0},"end":{"line":13,"column":19}},"13":{"start":{"line":14,"column":0},"end":{"line":14,"column":35}},"14":{"start":{"line":15,"column":0},"end":{"line":15,"column":11}},"15":{"start":{"line":16,"column":0},"end":{"line":16,"column":53}},"16":{"start":{"line":17,"column":0},"end":{"line":17,"column":21}},"17":{"start":{"line":18,"column":0},"end":{"line":18,"column":39}},"18":{"start":{"line":19,"column":0},"end":{"line":19,"column":23}},"19":{"start":{"line":20,"column":0},"end":{"line":20,"column":9}},"20":{"start":{"line":21,"column":0},"end":{"line":21,"column":19}},"21":{"start":{"line":22,"column":0},"end":{"line":22,"column":24}},"22":{"start":{"line":23,"column":0},"end":{"line":23,"column":7}},"23":{"start":{"line":24,"column":0},"end":{"line":24,"column":5}},"24":{"start":{"line":25,"column":0},"end":{"line":25,"column":15}},"25":{"start":{"line":26,"column":0},"end":{"line":26,"column":49}},"26":{"start":{"line":27,"column":0},"end":{"line":27,"column":40}},"27":{"start":{"line":28,"column":0},"end":{"line":28,"column":12}},"28":{"start":{"line":29,"column":0},"end":{"line":29,"column":0}},"29":{"start":{"line":30,"column":0},"end":{"line":30,"column":61}},"30":{"start":{"line":31,"column":0},"end":{"line":31,"column":21}},"31":{"start":{"line":32,"column":0},"end":{"line":32,"column":9}},"32":{"start":{"line":33,"column":0},"end":{"line":33,"column":44}},"33":{"start":{"line":34,"column":0},"end":{"line":34,"column":22}},"34":{"start":{"line":35,"column":0},"end":{"line":35,"column":56}},"35":{"start":{"line":36,"column":0},"end":{"line":36,"column":57}},"36":{"start":{"line":37,"column":0},"end":{"line":37,"column":8}},"37":{"start":{"line":38,"column":0},"end":{"line":38,"column":51}},"38":{"start":{"line":39,"column":0},"end":{"line":39,"column":17}},"39":{"start":{"line":40,"column":0},"end":{"line":40,"column":48}},"40":{"start":{"line":41,"column":0},"end":{"line":41,"column":5}},"41":{"start":{"line":42,"column":0},"end":{"line":42,"column":3}},"42":{"start":{"line":43,"column":0},"end":{"line":43,"column":0}},"43":{"start":{"line":44,"column":0},"end":{"line":44,"column":50}},"44":{"start":{"line":45,"column":0},"end":{"line":45,"column":22}},"45":{"start":{"line":46,"column":0},"end":{"line":46,"column":39}},"46":{"start":{"line":47,"column":0},"end":{"line":47,"column":0}},"47":{"start":{"line":48,"column":0},"end":{"line":48,"column":31}},"48":{"start":{"line":49,"column":0},"end":{"line":49,"column":32}},"49":{"start":{"line":50,"column":0},"end":{"line":50,"column":35}},"50":{"start":{"line":51,"column":0},"end":{"line":51,"column":15}},"51":{"start":{"line":52,"column":0},"end":{"line":52,"column":19}},"52":{"start":{"line":53,"column":0},"end":{"line":53,"column":5}},"53":{"start":{"line":54,"column":0},"end":{"line":54,"column":0}},"54":{"start":{"line":55,"column":0},"end":{"line":55,"column":64}},"55":{"start":{"line":56,"column":0},"end":{"line":56,"column":33}},"56":{"start":{"line":57,"column":0},"end":{"line":57,"column":26}},"57":{"start":{"line":58,"column":0},"end":{"line":58,"column":3}},"58":{"start":{"line":59,"column":0},"end":{"line":59,"column":0}},"59":{"start":{"line":60,"column":0},"end":{"line":60,"column":40}},"60":{"start":{"line":61,"column":0},"end":{"line":61,"column":49}},"61":{"start":{"line":62,"column":0},"end":{"line":62,"column":23}},"62":{"start":{"line":63,"column":0},"end":{"line":63,"column":66}},"63":{"start":{"line":64,"column":0},"end":{"line":64,"column":35}},"64":{"start":{"line":65,"column":0},"end":{"line":65,"column":5}},"65":{"start":{"line":66,"column":0},"end":{"line":66,"column":3}},"66":{"start":{"line":67,"column":0},"end":{"line":67,"column":0}},"67":{"start":{"line":68,"column":0},"end":{"line":68,"column":27}},"68":{"start":{"line":69,"column":0},"end":{"line":69,"column":69}},"69":{"start":{"line":70,"column":0},"end":{"line":70,"column":23}},"70":{"start":{"line":71,"column":0},"end":{"line":71,"column":72}},"71":{"start":{"line":72,"column":0},"end":{"line":72,"column":35}},"72":{"start":{"line":73,"column":0},"end":{"line":73,"column":5}},"73":{"start":{"line":74,"column":0},"end":{"line":74,"column":3}},"74":{"start":{"line":75,"column":0},"end":{"line":75,"column":0}},"75":{"start":{"line":76,"column":0},"end":{"line":76,"column":50}},"76":{"start":{"line":77,"column":0},"end":{"line":77,"column":29}},"77":{"start":{"line":78,"column":0},"end":{"line":78,"column":52}},"78":{"start":{"line":79,"column":0},"end":{"line":79,"column":37}},"79":{"start":{"line":80,"column":0},"end":{"line":80,"column":50}},"80":{"start":{"line":81,"column":0},"end":{"line":81,"column":9}},"81":{"start":{"line":82,"column":0},"end":{"line":82,"column":16}},"82":{"start":{"line":83,"column":0},"end":{"line":83,"column":8}},"83":{"start":{"line":84,"column":0},"end":{"line":84,"column":35}},"84":{"start":{"line":85,"column":0},"end":{"line":85,"column":5}},"85":{"start":{"line":86,"column":0},"end":{"line":86,"column":40}},"86":{"start":{"line":87,"column":0},"end":{"line":87,"column":3}},"87":{"start":{"line":88,"column":0},"end":{"line":88,"column":0}},"88":{"start":{"line":89,"column":0},"end":{"line":89,"column":125}},"89":{"start":{"line":90,"column":0},"end":{"line":90,"column":0}},"90":{"start":{"line":91,"column":0},"end":{"line":91,"column":75}},"91":{"start":{"line":92,"column":0},"end":{"line":92,"column":0}},"92":{"start":{"line":93,"column":0},"end":{"line":93,"column":10}},"93":{"start":{"line":94,"column":0},"end":{"line":94,"column":31}},"94":{"start":{"line":95,"column":0},"end":{"line":95,"column":38}},"95":{"start":{"line":96,"column":0},"end":{"line":96,"column":28}},"96":{"start":{"line":97,"column":0},"end":{"line":97,"column":58}},"97":{"start":{"line":98,"column":0},"end":{"line":98,"column":15}},"98":{"start":{"line":99,"column":0},"end":{"line":99,"column":0}},"99":{"start":{"line":100,"column":0},"end":{"line":100,"column":29}},"100":{"start":{"line":101,"column":0},"end":{"line":101,"column":12}},"101":{"start":{"line":102,"column":0},"end":{"line":102,"column":25}},"102":{"start":{"line":103,"column":0},"end":{"line":103,"column":110}},"103":{"start":{"line":104,"column":0},"end":{"line":104,"column":13}},"104":{"start":{"line":105,"column":0},"end":{"line":105,"column":0}},"105":{"start":{"line":106,"column":0},"end":{"line":106,"column":64}},"106":{"start":{"line":107,"column":0},"end":{"line":107,"column":17}},"107":{"start":{"line":108,"column":0},"end":{"line":108,"column":24}},"108":{"start":{"line":109,"column":0},"end":{"line":109,"column":58}},"109":{"start":{"line":110,"column":0},"end":{"line":110,"column":35}},"110":{"start":{"line":111,"column":0},"end":{"line":111,"column":64}},"111":{"start":{"line":112,"column":0},"end":{"line":112,"column":20}},"112":{"start":{"line":113,"column":0},"end":{"line":113,"column":12}},"113":{"start":{"line":114,"column":0},"end":{"line":114,"column":68}},"114":{"start":{"line":115,"column":0},"end":{"line":115,"column":15}},"115":{"start":{"line":116,"column":0},"end":{"line":116,"column":0}},"116":{"start":{"line":117,"column":0},"end":{"line":117,"column":38}},"117":{"start":{"line":118,"column":0},"end":{"line":118,"column":42}},"118":{"start":{"line":119,"column":0},"end":{"line":119,"column":96}},"119":{"start":{"line":120,"column":0},"end":{"line":120,"column":12}},"120":{"start":{"line":121,"column":0},"end":{"line":121,"column":40}},"121":{"start":{"line":122,"column":0},"end":{"line":122,"column":50}},"122":{"start":{"line":123,"column":0},"end":{"line":123,"column":88}},"123":{"start":{"line":124,"column":0},"end":{"line":124,"column":20}},"124":{"start":{"line":125,"column":0},"end":{"line":125,"column":81}},"125":{"start":{"line":126,"column":0},"end":{"line":126,"column":55}},"126":{"start":{"line":127,"column":0},"end":{"line":127,"column":48}},"127":{"start":{"line":128,"column":0},"end":{"line":128,"column":47}},"128":{"start":{"line":129,"column":0},"end":{"line":129,"column":28}},"129":{"start":{"line":130,"column":0},"end":{"line":130,"column":77}},"130":{"start":{"line":131,"column":0},"end":{"line":131,"column":24}},"131":{"start":{"line":132,"column":0},"end":{"line":132,"column":70}},"132":{"start":{"line":133,"column":0},"end":{"line":133,"column":22}},"133":{"start":{"line":134,"column":0},"end":{"line":134,"column":41}},"134":{"start":{"line":135,"column":0},"end":{"line":135,"column":98}},"135":{"start":{"line":136,"column":0},"end":{"line":136,"column":91}},"136":{"start":{"line":137,"column":0},"end":{"line":137,"column":22}},"137":{"start":{"line":138,"column":0},"end":{"line":138,"column":20}},"138":{"start":{"line":139,"column":0},"end":{"line":139,"column":13}},"139":{"start":{"line":140,"column":0},"end":{"line":140,"column":13}},"140":{"start":{"line":141,"column":0},"end":{"line":141,"column":14}},"141":{"start":{"line":142,"column":0},"end":{"line":142,"column":12}},"142":{"start":{"line":143,"column":0},"end":{"line":143,"column":0}},"143":{"start":{"line":144,"column":0},"end":{"line":144,"column":22}},"144":{"start":{"line":145,"column":0},"end":{"line":145,"column":21}},"145":{"start":{"line":146,"column":0},"end":{"line":146,"column":30}},"146":{"start":{"line":147,"column":0},"end":{"line":147,"column":41}},"147":{"start":{"line":148,"column":0},"end":{"line":148,"column":47}},"148":{"start":{"line":149,"column":0},"end":{"line":149,"column":10}},"149":{"start":{"line":150,"column":0},"end":{"line":150,"column":8}},"150":{"start":{"line":151,"column":0},"end":{"line":151,"column":10}},"151":{"start":{"line":152,"column":0},"end":{"line":152,"column":3}},"152":{"start":{"line":153,"column":0},"end":{"line":153,"column":1}}},"s":{"0":1,"1":1,"2":1,"3":1,"4":1,"5":5,"6":5,"7":5,"8":5,"9":5,"10":5,"11":5,"12":5,"13":1,"14":1,"15":1,"16":1,"17":1,"18":1,"19":1,"20":1,"21":0,"22":0,"23":1,"24":1,"25":1,"26":1,"27":5,"28":5,"29":5,"30":1,"31":1,"32":1,"33":1,"34":1,"35":1,"36":1,"37":1,"38":1,"39":0,"40":0,"41":1,"42":5,"43":5,"44":1,"45":1,"46":1,"47":1,"48":1,"49":1,"50":1,"51":1,"52":1,"53":1,"54":1,"55":1,"56":1,"57":1,"58":5,"59":5,"60":0,"61":0,"62":0,"63":0,"64":0,"65":0,"66":5,"67":5,"68":0,"69":0,"70":0,"71":0,"72":0,"73":0,"74":5,"75":5,"76":0,"77":0,"78":0,"79":0,"80":0,"81":0,"82":0,"83":0,"84":0,"85":0,"86":0,"87":5,"88":5,"89":4,"90":4,"91":4,"92":4,"93":4,"94":4,"95":4,"96":4,"97":4,"98":4,"99":4,"100":4,"101":4,"102":4,"103":4,"104":4,"105":4,"106":4,"107":4,"108":4,"109":4,"110":4,"111":4,"112":4,"113":4,"114":4,"115":4,"116":4,"117":4,"118":3,"119":5,"120":5,"121":1,"122":1,"123":1,"124":1,"125":1,"126":1,"127":1,"128":1,"129":1,"130":1,"131":1,"132":1,"133":1,"134":1,"135":1,"136":1,"137":1,"138":1,"139":5,"140":5,"141":5,"142":5,"143":5,"144":0,"145":0,"146":0,"147":0,"148":0,"149":5,"150":5,"151":5,"152":5},"branchMap":{"0":{"type":"branch","line":6,"loc":{"start":{"line":6,"column":0},"end":{"line":153,"column":1}},"locations":[{"start":{"line":6,"column":0},"end":{"line":153,"column":1}}]},"1":{"type":"branch","line":89,"loc":{"start":{"line":89,"column":13},"end":{"line":89,"column":125}},"locations":[{"start":{"line":89,"column":13},"end":{"line":89,"column":125}}]},"2":{"type":"branch","line":89,"loc":{"start":{"line":89,"column":119},"end":{"line":118,"column":42}},"locations":[{"start":{"line":89,"column":119},"end":{"line":118,"column":42}}]},"3":{"type":"branch","line":118,"loc":{"start":{"line":118,"column":36},"end":{"line":119,"column":96}},"locations":[{"start":{"line":118,"column":36},"end":{"line":119,"column":96}}]},"4":{"type":"branch","line":144,"loc":{"start":{"line":144,"column":7},"end":{"line":149,"column":10}},"locations":[{"start":{"line":144,"column":7},"end":{"line":149,"column":10}}]},"5":{"type":"branch","line":13,"loc":{"start":{"line":13,"column":12},"end":{"line":28,"column":5}},"locations":[{"start":{"line":13,"column":12},"end":{"line":28,"column":5}}]},"6":{"type":"branch","line":14,"loc":{"start":{"line":14,"column":22},"end":{"line":24,"column":5}},"locations":[{"start":{"line":14,"column":22},"end":{"line":24,"column":5}}]},"7":{"type":"branch","line":21,"loc":{"start":{"line":21,"column":6},"end":{"line":23,"column":7}},"locations":[{"start":{"line":21,"column":6},"end":{"line":23,"column":7}}]},"8":{"type":"branch","line":27,"loc":{"start":{"line":27,"column":11},"end":{"line":27,"column":40}},"locations":[{"start":{"line":27,"column":11},"end":{"line":27,"column":40}}]},"9":{"type":"branch","line":30,"loc":{"start":{"line":30,"column":24},"end":{"line":42,"column":3}},"locations":[{"start":{"line":30,"column":24},"end":{"line":42,"column":3}}]},"10":{"type":"branch","line":31,"loc":{"start":{"line":31,"column":15},"end":{"line":31,"column":21}},"locations":[{"start":{"line":31,"column":15},"end":{"line":31,"column":21}}]},"11":{"type":"branch","line":39,"loc":{"start":{"line":39,"column":4},"end":{"line":41,"column":5}},"locations":[{"start":{"line":39,"column":4},"end":{"line":41,"column":5}}]},"12":{"type":"branch","line":44,"loc":{"start":{"line":44,"column":25},"end":{"line":58,"column":3}},"locations":[{"start":{"line":44,"column":25},"end":{"line":58,"column":3}}]},"13":{"type":"branch","line":46,"loc":{"start":{"line":46,"column":33},"end":{"line":46,"column":39}},"locations":[{"start":{"line":46,"column":33},"end":{"line":46,"column":39}}]},"14":{"type":"branch","line":55,"loc":{"start":{"line":55,"column":38},"end":{"line":55,"column":54}},"locations":[{"start":{"line":55,"column":38},"end":{"line":55,"column":54}}]},"15":{"type":"branch","line":111,"loc":{"start":{"line":111,"column":22},"end":{"line":111,"column":64}},"locations":[{"start":{"line":111,"column":22},"end":{"line":111,"column":64}}]},"16":{"type":"branch","line":121,"loc":{"start":{"line":121,"column":29},"end":{"line":140,"column":11}},"locations":[{"start":{"line":121,"column":29},"end":{"line":140,"column":11}}]},"17":{"type":"branch","line":123,"loc":{"start":{"line":123,"column":36},"end":{"line":123,"column":88}},"locations":[{"start":{"line":123,"column":36},"end":{"line":123,"column":88}}]},"18":{"type":"branch","line":125,"loc":{"start":{"line":125,"column":55},"end":{"line":125,"column":75}},"locations":[{"start":{"line":125,"column":55},"end":{"line":125,"column":75}}]}},"b":{"0":[5],"1":[1],"2":[4],"3":[3],"4":[0],"5":[1],"6":[1],"7":[0],"8":[1],"9":[1],"10":[0],"11":[0],"12":[1],"13":[0],"14":[0],"15":[1],"16":[1],"17":[0],"18":[0]},"fnMap":{"0":{"name":"RoomController","decl":{"start":{"line":6,"column":0},"end":{"line":153,"column":1}},"loc":{"start":{"line":6,"column":0},"end":{"line":153,"column":1}},"line":6},"1":{"name":"fetchRoom","decl":{"start":{"line":14,"column":22},"end":{"line":24,"column":5}},"loc":{"start":{"line":14,"column":22},"end":{"line":24,"column":5}},"line":14},"2":{"name":"saveRoomState","decl":{"start":{"line":30,"column":24},"end":{"line":42,"column":3}},"loc":{"start":{"line":30,"column":24},"end":{"line":42,"column":3}},"line":30},"3":{"name":"addLocalPlayer","decl":{"start":{"line":44,"column":25},"end":{"line":58,"column":3}},"loc":{"start":{"line":44,"column":25},"end":{"line":58,"column":3}},"line":44},"4":{"name":"removePlayer","decl":{"start":{"line":60,"column":23},"end":{"line":66,"column":3}},"loc":{"start":{"line":60,"column":23},"end":{"line":66,"column":3}},"line":60},"5":{"name":"resetGame","decl":{"start":{"line":68,"column":20},"end":{"line":74,"column":3}},"loc":{"start":{"line":68,"column":20},"end":{"line":74,"column":3}},"line":68},"6":{"name":"handleScoreConfirm","decl":{"start":{"line":76,"column":29},"end":{"line":87,"column":3}},"loc":{"start":{"line":76,"column":29},"end":{"line":87,"column":3}},"line":76},"7":{"name":"onChange","decl":{"start":{"line":111,"column":22},"end":{"line":111,"column":64}},"loc":{"start":{"line":111,"column":22},"end":{"line":111,"column":64}},"line":111},"8":{"name":"onClick","decl":{"start":{"line":135,"column":57},"end":{"line":135,"column":81}},"loc":{"start":{"line":135,"column":57},"end":{"line":135,"column":81}},"line":135},"9":{"name":"onClick","decl":{"start":{"line":136,"column":55},"end":{"line":136,"column":81}},"loc":{"start":{"line":136,"column":55},"end":{"line":136,"column":81}},"line":136},"10":{"name":"onCancel","decl":{"start":{"line":148,"column":20},"end":{"line":148,"column":47}},"loc":{"start":{"line":148,"column":20},"end":{"line":148,"column":47}},"line":148}},"f":{"0":5,"1":1,"2":1,"3":1,"4":0,"5":0,"6":0,"7":1,"8":0,"9":0,"10":0}}
,"/home/alison/workspace/flip7-score4all/frontend/src/pages/RoomViewer.tsx": {"path":"/home/alison/workspace/flip7-score4all/frontend/src/pages/RoomViewer.tsx","all":false,"statementMap":{"0":{"start":{"line":1,"column":0},"end":{"line":1,"column":50}},"1":{"start":{"line":2,"column":0},"end":{"line":2,"column":44}},"2":{"start":{"line":3,"column":0},"end":{"line":3,"column":31}},"3":{"start":{"line":4,"column":0},"end":{"line":4,"column":0}},"4":{"start":{"line":5,"column":0},"end":{"line":5,"column":38}},"5":{"start":{"line":6,"column":0},"end":{"line":6,"column":48}},"6":{"start":{"line":7,"column":0},"end":{"line":7,"column":53}},"7":{"start":{"line":8,"column":0},"end":{"line":8,"column":50}},"8":{"start":{"line":9,"column":0},"end":{"line":9,"column":51}},"9":{"start":{"line":10,"column":0},"end":{"line":10,"column":47}},"10":{"start":{"line":11,"column":0},"end":{"line":11,"column":0}},"11":{"start":{"line":12,"column":0},"end":{"line":12,"column":17}},"12":{"start":{"line":13,"column":0},"end":{"line":13,"column":19}},"13":{"start":{"line":14,"column":0},"end":{"line":14,"column":26}},"14":{"start":{"line":15,"column":0},"end":{"line":15,"column":0}},"15":{"start":{"line":16,"column":0},"end":{"line":16,"column":35}},"16":{"start":{"line":17,"column":0},"end":{"line":17,"column":11}},"17":{"start":{"line":18,"column":0},"end":{"line":18,"column":53}},"18":{"start":{"line":19,"column":0},"end":{"line":19,"column":21}},"19":{"start":{"line":20,"column":0},"end":{"line":20,"column":39}},"20":{"start":{"line":21,"column":0},"end":{"line":21,"column":23}},"21":{"start":{"line":22,"column":0},"end":{"line":22,"column":9}},"22":{"start":{"line":23,"column":0},"end":{"line":23,"column":19}},"23":{"start":{"line":24,"column":0},"end":{"line":24,"column":24}},"24":{"start":{"line":25,"column":0},"end":{"line":25,"column":7}},"25":{"start":{"line":26,"column":0},"end":{"line":26,"column":5}},"26":{"start":{"line":27,"column":0},"end":{"line":27,"column":0}},"27":{"start":{"line":28,"column":0},"end":{"line":28,"column":15}},"28":{"start":{"line":29,"column":0},"end":{"line":29,"column":49}},"29":{"start":{"line":30,"column":0},"end":{"line":30,"column":40}},"30":{"start":{"line":31,"column":0},"end":{"line":31,"column":23}},"31":{"start":{"line":32,"column":0},"end":{"line":32,"column":0}},"32":{"start":{"line":33,"column":0},"end":{"line":33,"column":52}},"33":{"start":{"line":34,"column":0},"end":{"line":34,"column":22}},"34":{"start":{"line":35,"column":0},"end":{"line":35,"column":34}},"35":{"start":{"line":36,"column":0},"end":{"line":36,"column":20}},"36":{"start":{"line":37,"column":0},"end":{"line":37,"column":0}},"37":{"start":{"line":38,"column":0},"end":{"line":38,"column":9}},"38":{"start":{"line":39,"column":0},"end":{"line":39,"column":58}},"39":{"start":{"line":40,"column":0},"end":{"line":40,"column":23}},"40":{"start":{"line":41,"column":0},"end":{"line":41,"column":56}},"41":{"start":{"line":42,"column":0},"end":{"line":42,"column":50}},"42":{"start":{"line":43,"column":0},"end":{"line":43,"column":8}},"43":{"start":{"line":44,"column":0},"end":{"line":44,"column":0}},"44":{"start":{"line":45,"column":0},"end":{"line":45,"column":19}},"45":{"start":{"line":46,"column":0},"end":{"line":46,"column":37}},"46":{"start":{"line":47,"column":0},"end":{"line":47,"column":26}},"47":{"start":{"line":48,"column":0},"end":{"line":48,"column":26}},"48":{"start":{"line":49,"column":0},"end":{"line":49,"column":14}},"49":{"start":{"line":50,"column":0},"end":{"line":50,"column":37}},"50":{"start":{"line":51,"column":0},"end":{"line":51,"column":7}},"51":{"start":{"line":52,"column":0},"end":{"line":52,"column":13}},"52":{"start":{"line":53,"column":0},"end":{"line":53,"column":38}},"53":{"start":{"line":54,"column":0},"end":{"line":54,"column":15}},"54":{"start":{"line":55,"column":0},"end":{"line":55,"column":23}},"55":{"start":{"line":56,"column":0},"end":{"line":56,"column":5}},"56":{"start":{"line":57,"column":0},"end":{"line":57,"column":3}},"57":{"start":{"line":58,"column":0},"end":{"line":58,"column":0}},"58":{"start":{"line":59,"column":0},"end":{"line":59,"column":19}},"59":{"start":{"line":60,"column":0},"end":{"line":60,"column":12}},"60":{"start":{"line":61,"column":0},"end":{"line":61,"column":33}},"61":{"start":{"line":62,"column":0},"end":{"line":62,"column":16}},"62":{"start":{"line":63,"column":0},"end":{"line":63,"column":34}},"63":{"start":{"line":64,"column":0},"end":{"line":64,"column":17}},"64":{"start":{"line":65,"column":0},"end":{"line":65,"column":31}},"65":{"start":{"line":66,"column":0},"end":{"line":66,"column":75}},"66":{"start":{"line":67,"column":0},"end":{"line":67,"column":62}},"67":{"start":{"line":68,"column":0},"end":{"line":68,"column":19}},"68":{"start":{"line":69,"column":0},"end":{"line":69,"column":26}},"69":{"start":{"line":70,"column":0},"end":{"line":70,"column":37}},"70":{"start":{"line":71,"column":0},"end":{"line":71,"column":33}},"71":{"start":{"line":72,"column":0},"end":{"line":72,"column":61}},"72":{"start":{"line":73,"column":0},"end":{"line":73,"column":22}},"73":{"start":{"line":74,"column":0},"end":{"line":74,"column":14}},"74":{"start":{"line":75,"column":0},"end":{"line":75,"column":77}},"75":{"start":{"line":76,"column":0},"end":{"line":76,"column":42}},"76":{"start":{"line":77,"column":0},"end":{"line":77,"column":21}},"77":{"start":{"line":78,"column":0},"end":{"line":78,"column":17}},"78":{"start":{"line":79,"column":0},"end":{"line":79,"column":14}},"79":{"start":{"line":80,"column":0},"end":{"line":80,"column":12}},"80":{"start":{"line":81,"column":0},"end":{"line":81,"column":5}},"81":{"start":{"line":82,"column":0},"end":{"line":82,"column":3}},"82":{"start":{"line":83,"column":0},"end":{"line":83,"column":0}},"83":{"start":{"line":84,"column":0},"end":{"line":84,"column":125}},"84":{"start":{"line":85,"column":0},"end":{"line":85,"column":0}},"85":{"start":{"line":86,"column":0},"end":{"line":86,"column":75}},"86":{"start":{"line":87,"column":0},"end":{"line":87,"column":0}},"87":{"start":{"line":88,"column":0},"end":{"line":88,"column":10}},"88":{"start":{"line":89,"column":0},"end":{"line":89,"column":31}},"89":{"start":{"line":90,"column":0},"end":{"line":90,"column":38}},"90":{"start":{"line":91,"column":0},"end":{"line":91,"column":24}},"91":{"start":{"line":92,"column":0},"end":{"line":92,"column":58}},"92":{"start":{"line":93,"column":0},"end":{"line":93,"column":15}},"93":{"start":{"line":94,"column":0},"end":{"line":94,"column":0}},"94":{"start":{"line":95,"column":0},"end":{"line":95,"column":29}},"95":{"start":{"line":96,"column":0},"end":{"line":96,"column":38}},"96":{"start":{"line":97,"column":0},"end":{"line":97,"column":41}},"97":{"start":{"line":98,"column":0},"end":{"line":98,"column":110}},"98":{"start":{"line":99,"column":0},"end":{"line":99,"column":15}},"99":{"start":{"line":100,"column":0},"end":{"line":100,"column":41}},"100":{"start":{"line":101,"column":0},"end":{"line":101,"column":52}},"101":{"start":{"line":102,"column":0},"end":{"line":102,"column":90}},"102":{"start":{"line":103,"column":0},"end":{"line":103,"column":22}},"103":{"start":{"line":104,"column":0},"end":{"line":104,"column":83}},"104":{"start":{"line":105,"column":0},"end":{"line":105,"column":57}},"105":{"start":{"line":106,"column":0},"end":{"line":106,"column":50}},"106":{"start":{"line":107,"column":0},"end":{"line":107,"column":49}},"107":{"start":{"line":108,"column":0},"end":{"line":108,"column":30}},"108":{"start":{"line":109,"column":0},"end":{"line":109,"column":171}},"109":{"start":{"line":110,"column":0},"end":{"line":110,"column":26}},"110":{"start":{"line":111,"column":0},"end":{"line":111,"column":72}},"111":{"start":{"line":112,"column":0},"end":{"line":112,"column":24}},"112":{"start":{"line":113,"column":0},"end":{"line":113,"column":22}},"113":{"start":{"line":114,"column":0},"end":{"line":114,"column":15}},"114":{"start":{"line":115,"column":0},"end":{"line":115,"column":14}},"115":{"start":{"line":116,"column":0},"end":{"line":116,"column":12}},"116":{"start":{"line":117,"column":0},"end":{"line":117,"column":14}},"117":{"start":{"line":118,"column":0},"end":{"line":118,"column":12}},"118":{"start":{"line":119,"column":0},"end":{"line":119,"column":10}},"119":{"start":{"line":120,"column":0},"end":{"line":120,"column":3}},"120":{"start":{"line":121,"column":0},"end":{"line":121,"column":1}}},"s":{"0":1,"1":1,"2":1,"3":1,"4":5,"5":5,"6":5,"7":5,"8":5,"9":5,"10":5,"11":5,"12":5,"13":2,"14":1,"15":1,"16":1,"17":1,"18":1,"19":1,"20":1,"21":1,"22":1,"23":0,"24":0,"25":1,"26":1,"27":1,"28":1,"29":1,"30":5,"31":5,"32":5,"33":1,"34":1,"35":1,"36":1,"37":1,"38":1,"39":1,"40":1,"41":1,"42":1,"43":1,"44":1,"45":1,"46":1,"47":1,"48":1,"49":0,"50":0,"51":1,"52":0,"53":1,"54":1,"55":1,"56":1,"57":5,"58":5,"59":3,"60":3,"61":3,"62":3,"63":3,"64":3,"65":3,"66":3,"67":3,"68":3,"69":3,"70":3,"71":3,"72":3,"73":3,"74":3,"75":3,"76":3,"77":3,"78":3,"79":3,"80":3,"81":3,"82":2,"83":5,"84":2,"85":2,"86":2,"87":2,"88":2,"89":2,"90":2,"91":2,"92":2,"93":2,"94":2,"95":2,"96":2,"97":1,"98":1,"99":1,"100":1,"101":1,"102":1,"103":1,"104":1,"105":1,"106":1,"107":1,"108":1,"109":1,"110":1,"111":1,"112":1,"113":1,"114":1,"115":5,"116":5,"117":5,"118":5,"119":5,"120":5},"branchMap":{"0":{"type":"branch","line":5,"loc":{"start":{"line":5,"column":0},"end":{"line":121,"column":1}},"locations":[{"start":{"line":5,"column":0},"end":{"line":121,"column":1}}]},"1":{"type":"branch","line":59,"loc":{"start":{"line":59,"column":18},"end":{"line":82,"column":3}},"locations":[{"start":{"line":59,"column":18},"end":{"line":82,"column":3}}]},"2":{"type":"branch","line":76,"loc":{"start":{"line":76,"column":15},"end":{"line":76,"column":33}},"locations":[{"start":{"line":76,"column":15},"end":{"line":76,"column":33}}]},"3":{"type":"branch","line":76,"loc":{"start":{"line":76,"column":25},"end":{"line":76,"column":42}},"locations":[{"start":{"line":76,"column":25},"end":{"line":76,"column":42}}]},"4":{"type":"branch","line":82,"loc":{"start":{"line":82,"column":2},"end":{"line":84,"column":20}},"locations":[{"start":{"line":82,"column":2},"end":{"line":84,"column":20}}]},"5":{"type":"branch","line":84,"loc":{"start":{"line":84,"column":13},"end":{"line":84,"column":125}},"locations":[{"start":{"line":84,"column":13},"end":{"line":84,"column":125}}]},"6":{"type":"branch","line":84,"loc":{"start":{"line":84,"column":119},"end":{"line":97,"column":41}},"locations":[{"start":{"line":84,"column":119},"end":{"line":97,"column":41}}]},"7":{"type":"branch","line":97,"loc":{"start":{"line":97,"column":36},"end":{"line":98,"column":110}},"locations":[{"start":{"line":97,"column":36},"end":{"line":98,"column":110}}]},"8":{"type":"branch","line":98,"loc":{"start":{"line":98,"column":104},"end":{"line":115,"column":14}},"locations":[{"start":{"line":98,"column":104},"end":{"line":115,"column":14}}]},"9":{"type":"branch","line":13,"loc":{"start":{"line":13,"column":12},"end":{"line":31,"column":5}},"locations":[{"start":{"line":13,"column":12},"end":{"line":31,"column":5}}]},"10":{"type":"branch","line":14,"loc":{"start":{"line":14,"column":20},"end":{"line":30,"column":40}},"locations":[{"start":{"line":14,"column":20},"end":{"line":30,"column":40}}]},"11":{"type":"branch","line":16,"loc":{"start":{"line":16,"column":22},"end":{"line":26,"column":5}},"locations":[{"start":{"line":16,"column":22},"end":{"line":26,"column":5}}]},"12":{"type":"branch","line":23,"loc":{"start":{"line":23,"column":6},"end":{"line":25,"column":7}},"locations":[{"start":{"line":23,"column":6},"end":{"line":25,"column":7}}]},"13":{"type":"branch","line":30,"loc":{"start":{"line":30,"column":11},"end":{"line":30,"column":40}},"locations":[{"start":{"line":30,"column":11},"end":{"line":30,"column":40}}]},"14":{"type":"branch","line":33,"loc":{"start":{"line":33,"column":21},"end":{"line":57,"column":3}},"locations":[{"start":{"line":33,"column":21},"end":{"line":57,"column":3}}]},"15":{"type":"branch","line":35,"loc":{"start":{"line":35,"column":28},"end":{"line":35,"column":34}},"locations":[{"start":{"line":35,"column":28},"end":{"line":35,"column":34}}]},"16":{"type":"branch","line":49,"loc":{"start":{"line":49,"column":6},"end":{"line":51,"column":7}},"locations":[{"start":{"line":49,"column":6},"end":{"line":51,"column":7}}]},"17":{"type":"branch","line":52,"loc":{"start":{"line":52,"column":4},"end":{"line":54,"column":6}},"locations":[{"start":{"line":52,"column":4},"end":{"line":54,"column":6}}]},"18":{"type":"branch","line":72,"loc":{"start":{"line":72,"column":24},"end":{"line":72,"column":61}},"locations":[{"start":{"line":72,"column":24},"end":{"line":72,"column":61}}]},"19":{"type":"branch","line":100,"loc":{"start":{"line":100,"column":30},"end":{"line":115,"column":13}},"locations":[{"start":{"line":100,"column":30},"end":{"line":115,"column":13}}]},"20":{"type":"branch","line":102,"loc":{"start":{"line":102,"column":38},"end":{"line":102,"column":90}},"locations":[{"start":{"line":102,"column":38},"end":{"line":102,"column":90}}]},"21":{"type":"branch","line":104,"loc":{"start":{"line":104,"column":67},"end":{"line":104,"column":79}},"locations":[{"start":{"line":104,"column":67},"end":{"line":104,"column":79}}]}},"b":{"0":[5],"1":[3],"2":[1],"3":[2],"4":[2],"5":[0],"6":[2],"7":[1],"8":[1],"9":[2],"10":[1],"11":[1],"12":[0],"13":[1],"14":[1],"15":[0],"16":[0],"17":[0],"18":[1],"19":[1],"20":[0],"21":[0]},"fnMap":{"0":{"name":"RoomViewer","decl":{"start":{"line":5,"column":0},"end":{"line":121,"column":1}},"loc":{"start":{"line":5,"column":0},"end":{"line":121,"column":1}},"line":5},"1":{"name":"fetchRoom","decl":{"start":{"line":16,"column":22},"end":{"line":26,"column":5}},"loc":{"start":{"line":16,"column":22},"end":{"line":26,"column":5}},"line":16},"2":{"name":"handleJoin","decl":{"start":{"line":33,"column":21},"end":{"line":57,"column":3}},"loc":{"start":{"line":33,"column":21},"end":{"line":57,"column":3}},"line":33},"3":{"name":"onChange","decl":{"start":{"line":72,"column":24},"end":{"line":72,"column":61}},"loc":{"start":{"line":72,"column":24},"end":{"line":72,"column":61}},"line":72}},"f":{"0":5,"1":1,"2":1,"3":1}}
}
